[18:12:00] [ServerMain/INFO]: [bootstrap] Running Java 21 (OpenJDK 64-Bit Server VM 21.0.8+9-Ubuntu-0ubuntu124.04.1; Ubuntu null) on Linux 6.8.0-1030-azure (amd64)
[18:12:00] [ServerMain/INFO]: [bootstrap] Loading Paper 1.21.8-6-main@782ce95 (2025-07-18T20:26:58Z) for Minecraft 1.21.8
[18:12:00] [ServerMain/INFO]: [PluginInitializerManager] Initializing plugins...
[18:12:12] [ServerMain/INFO]: [PluginInitializerManager] Initialized 38 plugins
[18:12:12] [ServerMain/INFO]: [PluginInitializerManager] Paper plugins (6):
 - CommandPanels (4.0.7), EconomyShopGUI (6.14.4), FancyHolograms (2.7.0), FancyNpcs (2.7.1), UltimateMobCoins (1.8.1), Worlds (3.3.1)
[18:12:12] [ServerMain/INFO]: [PluginInitializerManager] Bukkit plugins (32):
 - AuraSkills (2.3.6), BetterRTP (3.6.13), ClanSystem (1.0), CustomMessages (0.6), CustomNPCs (1.1), DamageIndicator (1.20.0), Essentials (2.22.0-dev+15-5ed43f3), EssentialsChat (2.22.0-dev+15-5ed43f3), EssentialsSpawn (2.22.0-dev+15-5ed43f3), Geyser-Spigot (2.8.3-SNAPSHOT), HealthGUI (2.0-ENHANCED), ItemEdit (3.7.4), ItemTag (3.7.4), LuckPerms (5.5.0), NBTAPI (2.15.1), NameTag (1.0), PlaceholderAPI (2.11.6), PlayerKits2 (1.18.4), Shopkeepers (2.23.10), SkinsRestorer (15.7.9), Skript (2.12.1), SupremeTags (2.1.10), TAB (5.2.5), Turrets (1.0.2), Vault (1.7.3-b131), ViaBackwards (5.4.2), ViaVersion (5.4.2), WorldEdit (7.3.16+cbf4bd5), WorldGuard (7.0.14+2339-43997ec), floodgate (2.2.4-SNAPSHOT (b118-40d320a)), playit-gg (0.1.4), voicechat (2.5.35)
[18:12:18] [ServerMain/INFO]: Environment: Environment[sessionHost=https://sessionserver.mojang.com, servicesHost=https://api.minecraftservices.com, name=PROD]
[18:12:20] [ServerMain/INFO]: Loaded 1407 recipes
[18:12:20] [ServerMain/INFO]: Loaded 1520 advancements
[18:12:20] [ServerMain/INFO]: [ca.spottedleaf.dataconverter.minecraft.datatypes.MCTypeRegistry] Initialising converters for DataConverter...
[18:12:22] [ServerMain/INFO]: [ca.spottedleaf.dataconverter.minecraft.datatypes.MCTypeRegistry] Finished initialising converters for DataConverter in 1,686.8ms
[18:12:22] [Server thread/INFO]: Starting minecraft server version 1.21.8
[18:12:22] [Server thread/INFO]: Loading properties
[18:12:22] [Server thread/INFO]: This server is running Paper version 1.21.8-6-main@782ce95 (2025-07-18T20:26:58Z) (Implementing API version 1.21.8-R0.1-SNAPSHOT)
[18:12:22] [Server thread/INFO]: [spark] This server bundles the spark profiler. For more information please visit https://docs.papermc.io/paper/profiling
[18:12:22] [Server thread/INFO]: Server Ping Player Sample Count: 12
[18:12:22] [Server thread/INFO]: Using 4 threads for Netty based IO
[18:12:23] [Server thread/INFO]: [MoonriseCommon] Paper is using 1 worker threads, 1 I/O threads
[18:12:23] [Server thread/INFO]: [ChunkTaskScheduler] Chunk system is using population gen parallelism: true
[18:12:23] [Server thread/INFO]: Default game type: SURVIVAL
[18:12:23] [Server thread/INFO]: Generating keypair
[18:12:23] [Server thread/INFO]: Starting Minecraft server on *:25565
[18:12:23] [Server thread/INFO]: Using epoll channel type
[18:12:23] [Server thread/INFO]: Paper: Using libdeflate (Linux x86_64) compression from Velocity.
[18:12:23] [Server thread/INFO]: Paper: Using OpenSSL 3.x.x (Linux x86_64) cipher from Velocity.
[18:12:24] [Server thread/INFO]: [SpigotLibraryLoader] [ItemEdit] Loading 5 libraries... please wait
[18:12:25] [Server thread/INFO]: [SpigotLibraryLoader] [ItemEdit] Loaded library /workspaces/MINSERCRAFT-SERVER-JAVA-EN-BEDROCK/servidor_minecraft/libraries/net/kyori/adventure-api/4.20.0/adventure-api-4.20.0.jar
[18:12:25] [Server thread/INFO]: [SpigotLibraryLoader] [ItemEdit] Loaded library /workspaces/MINSERCRAFT-SERVER-JAVA-EN-BEDROCK/servidor_minecraft/libraries/net/kyori/adventure-key/4.20.0/adventure-key-4.20.0.jar
[18:12:25] [Server thread/INFO]: [SpigotLibraryLoader] [ItemEdit] Loaded library /workspaces/MINSERCRAFT-SERVER-JAVA-EN-BEDROCK/servidor_minecraft/libraries/net/kyori/examination-api/1.3.0/examination-api-1.3.0.jar
[18:12:25] [Server thread/INFO]: [SpigotLibraryLoader] [ItemEdit] Loaded library /workspaces/MINSERCRAFT-SERVER-JAVA-EN-BEDROCK/servidor_minecraft/libraries/net/kyori/examination-string/1.3.0/examination-string-1.3.0.jar
[18:12:25] [Server thread/INFO]: [SpigotLibraryLoader] [ItemEdit] Loaded library /workspaces/MINSERCRAFT-SERVER-JAVA-EN-BEDROCK/servidor_minecraft/libraries/org/jetbrains/annotations/26.0.2/annotations-26.0.2.jar
[18:12:25] [Server thread/INFO]: [SpigotLibraryLoader] [ItemEdit] Loaded library /workspaces/MINSERCRAFT-SERVER-JAVA-EN-BEDROCK/servidor_minecraft/libraries/net/kyori/adventure-platform-bukkit/4.3.4/adventure-platform-bukkit-4.3.4.jar
[18:12:25] [Server thread/INFO]: [SpigotLibraryLoader] [ItemEdit] Loaded library /workspaces/MINSERCRAFT-SERVER-JAVA-EN-BEDROCK/servidor_minecraft/libraries/net/kyori/adventure-platform-api/4.3.4/adventure-platform-api-4.3.4.jar
[18:12:25] [Server thread/INFO]: [SpigotLibraryLoader] [ItemEdit] Loaded library /workspaces/MINSERCRAFT-SERVER-JAVA-EN-BEDROCK/servidor_minecraft/libraries/net/kyori/adventure-text-serializer-bungeecord/4.3.4/adventure-text-serializer-bungeecord-4.3.4.jar
[18:12:25] [Server thread/INFO]: [SpigotLibraryLoader] [ItemEdit] Loaded library /workspaces/MINSERCRAFT-SERVER-JAVA-EN-BEDROCK/servidor_minecraft/libraries/net/kyori/adventure-nbt/4.13.1/adventure-nbt-4.13.1.jar
[18:12:25] [Server thread/INFO]: [SpigotLibraryLoader] [ItemEdit] Loaded library /workspaces/MINSERCRAFT-SERVER-JAVA-EN-BEDROCK/servidor_minecraft/libraries/net/kyori/adventure-text-serializer-gson-legacy-impl/4.13.1/adventure-text-serializer-gson-legacy-impl-4.13.1.jar
[18:12:25] [Server thread/INFO]: [SpigotLibraryLoader] [ItemEdit] Loaded library /workspaces/MINSERCRAFT-SERVER-JAVA-EN-BEDROCK/servidor_minecraft/libraries/net/kyori/adventure-platform-facet/4.3.4/adventure-platform-facet-4.3.4.jar
[18:12:25] [Server thread/INFO]: [SpigotLibraryLoader] [ItemEdit] Loaded library /workspaces/MINSERCRAFT-SERVER-JAVA-EN-BEDROCK/servidor_minecraft/libraries/net/kyori/adventure-platform-viaversion/4.3.4/adventure-platform-viaversion-4.3.4.jar
[18:12:25] [Server thread/INFO]: [SpigotLibraryLoader] [ItemEdit] Loaded library /workspaces/MINSERCRAFT-SERVER-JAVA-EN-BEDROCK/servidor_minecraft/libraries/net/kyori/adventure-text-minimessage/4.20.0/adventure-text-minimessage-4.20.0.jar
[18:12:25] [Server thread/INFO]: [SpigotLibraryLoader] [ItemEdit] Loaded library /workspaces/MINSERCRAFT-SERVER-JAVA-EN-BEDROCK/servidor_minecraft/libraries/net/kyori/adventure-text-serializer-gson/4.20.0/adventure-text-serializer-gson-4.20.0.jar
[18:12:25] [Server thread/INFO]: [SpigotLibraryLoader] [ItemEdit] Loaded library /workspaces/MINSERCRAFT-SERVER-JAVA-EN-BEDROCK/servidor_minecraft/libraries/net/kyori/adventure-text-serializer-json/4.20.0/adventure-text-serializer-json-4.20.0.jar
[18:12:25] [Server thread/INFO]: [SpigotLibraryLoader] [ItemEdit] Loaded library /workspaces/MINSERCRAFT-SERVER-JAVA-EN-BEDROCK/servidor_minecraft/libraries/net/kyori/option/1.1.0/option-1.1.0.jar
[18:12:25] [Server thread/INFO]: [SpigotLibraryLoader] [ItemEdit] Loaded library /workspaces/MINSERCRAFT-SERVER-JAVA-EN-BEDROCK/servidor_minecraft/libraries/org/jspecify/jspecify/1.0.0/jspecify-1.0.0.jar
[18:12:25] [Server thread/INFO]: [SpigotLibraryLoader] [ItemEdit] Loaded library /workspaces/MINSERCRAFT-SERVER-JAVA-EN-BEDROCK/servidor_minecraft/libraries/com/google/code/gson/gson/2.8.0/gson-2.8.0.jar
[18:12:25] [Server thread/INFO]: [SpigotLibraryLoader] [ItemEdit] Loaded library /workspaces/MINSERCRAFT-SERVER-JAVA-EN-BEDROCK/servidor_minecraft/libraries/com/google/auto/service/auto-service-annotations/1.1.1/auto-service-annotations-1.1.1.jar
[18:12:25] [Server thread/INFO]: [SpigotLibraryLoader] [ItemEdit] Loaded library /workspaces/MINSERCRAFT-SERVER-JAVA-EN-BEDROCK/servidor_minecraft/libraries/net/kyori/adventure-text-serializer-commons/4.20.0/adventure-text-serializer-commons-4.20.0.jar
[18:12:25] [Server thread/INFO]: [SpigotLibraryLoader] [ItemEdit] Loaded library /workspaces/MINSERCRAFT-SERVER-JAVA-EN-BEDROCK/servidor_minecraft/libraries/net/kyori/adventure-text-serializer-legacy/4.20.0/adventure-text-serializer-legacy-4.20.0.jar
[18:12:27] [Server thread/INFO]: [UltimateMobCoins] Loaded 10 prizes for the mobcoin spinner!
[18:12:27] [Server thread/INFO]: [ViaVersion] Loading server plugin ViaVersion v5.4.2
[18:12:27] [Server thread/INFO]: [ViaVersion] ViaVersion 5.4.2 is now loaded. Registering protocol transformers and injecting...
[18:12:27] [Via-Mappingloader-0/INFO]: [ViaVersion] Loading block connection mappings ...
[18:12:28] [Via-Mappingloader-0/INFO]: [ViaVersion] Using FastUtil Long2ObjectOpenHashMap for block connections
[18:12:28] [Server thread/INFO]: [ViaBackwards] Loading translations...
[18:12:28] [Server thread/INFO]: [ViaBackwards] Registering protocols...
[18:12:29] [Server thread/INFO]: [CommandPanels] Loading server plugin CommandPanels v4.0.7
[18:12:29] [Server thread/INFO]: [LuckPerms] Loading server plugin LuckPerms v5.5.0
[18:12:29] [Server thread/INFO]: [Vault] Loading server plugin Vault v1.7.3-b131
[18:12:29] [Server thread/INFO]: [WorldEdit] Loading server plugin WorldEdit v7.3.16+cbf4bd5
[18:12:31] [Server thread/INFO]: Got request to register class com.sk89q.worldedit.bukkit.BukkitServerInterface with WorldEdit [com.sk89q.worldedit.extension.platform.PlatformManager@74db844b]
[18:12:31] [Server thread/INFO]: [PlaceholderAPI] Loading server plugin PlaceholderAPI v2.11.6
[18:12:31] [Server thread/INFO]: [floodgate] Loading server plugin floodgate v2.2.4-SNAPSHOT (b118-40d320a)
[18:12:32] [Server thread/WARN]: [floodgate] en_ is not a supported Floodgate language.
[18:12:32] [Server thread/INFO]: [floodgate] Took 1,077ms to boot Floodgate
[18:12:32] [Server thread/INFO]: [Essentials] Loading server plugin Essentials v2.22.0-dev+15-5ed43f3
[18:12:32] [Server thread/INFO]: [WorldGuard] Loading server plugin WorldGuard v7.0.14+2339-43997ec
[18:12:32] [Server thread/INFO]: [NBTAPI] Loading server plugin NBTAPI v2.15.1
[18:12:32] [Server thread/INFO]: [NBTAPI] [NBTAPI] Found Minecraft: 1.21.8! Trying to find NMS support
[18:12:32] [Server thread/WARN]: [NBTAPI] [NBTAPI] This Server-Version(1.21.8-R0.1-SNAPSHOT) is not supported by this NBT-API Version(2.15.1) located in NBTAPI. The NBT-API will try to work as good as it can! Some functions may not work!
[18:12:32] [Server thread/INFO]: [NBTAPI] [NBTAPI] Using the plugin 'NBTAPI' to create a bStats instance!
[18:12:32] [Server thread/INFO]: [ItemEdit] Loading server plugin ItemEdit v3.7.4
[18:12:32] [Server thread/INFO]: [Geyser-Spigot] Loading server plugin Geyser-Spigot v2.8.3-SNAPSHOT
[18:12:33] [Thread-8/INFO]: [NBTAPI] [NBTAPI] The NBT-API seems to be up-to-date!
[18:12:33] [Server thread/INFO]: [Geyser-Spigot] Loading extensions...
[18:12:33] [Server thread/INFO]: [Geyser-Spigot] Loaded 0 extension(s)
[18:12:33] [Server thread/INFO]: [EssentialsChat] Loading server plugin EssentialsChat v2.22.0-dev+15-5ed43f3
[18:12:33] [Server thread/INFO]: [FancyNpcs] Loading server plugin FancyNpcs v2.7.1
[18:12:33] [Server thread/INFO]: [ViaBackwards] Loading server plugin ViaBackwards v5.4.2
[18:12:33] [Server thread/INFO]: [NameTag] Loading server plugin NameTag v1.0
[18:12:33] [Server thread/INFO]: [voicechat] Loading server plugin voicechat v2.5.35
[18:12:33] [Server thread/INFO]: [Skript] Loading server plugin Skript v2.12.1
[18:12:33] [Server thread/INFO]: [EssentialsSpawn] Loading server plugin EssentialsSpawn v2.22.0-dev+15-5ed43f3
[18:12:33] [Server thread/INFO]: [playit-gg] Loading server plugin playit-gg v0.1.4
[18:12:33] [Server thread/INFO]: [SupremeTags] Loading server plugin SupremeTags v2.1.10
[18:12:33] [Server thread/INFO]: [Worlds] Loading server plugin Worlds v3.3.1
[18:12:33] [Server thread/INFO]: [HealthGUI] Loading server plugin HealthGUI v2.0-ENHANCED
[18:12:33] [Server thread/INFO]: [ItemTag] Loading server plugin ItemTag v3.7.4
[18:12:33] [Server thread/INFO]: [DamageIndicator] Loading server plugin DamageIndicator v1.20.0
[18:12:33] [Server thread/INFO]: [TAB] Loading server plugin TAB v5.2.5
[18:12:33] [Server thread/INFO]: [PlayerKits2] Loading server plugin PlayerKits2 v1.18.4
[18:12:33] [Server thread/INFO]: [ClanSystem] Loading server plugin ClanSystem v1.0
[18:12:33] [Server thread/INFO]: [AuraSkills] Loading server plugin AuraSkills v2.3.6
[18:12:33] [Server thread/INFO]: [BetterRTP] Loading server plugin BetterRTP v3.6.13
[18:12:33] [Server thread/INFO]: [Turrets] Loading server plugin Turrets v1.0.2
[18:12:33] [Server thread/INFO]: [EconomyShopGUI] Loading server plugin EconomyShopGUI v6.14.4
[18:12:33] [Server thread/INFO]: [Shopkeepers] Loading server plugin Shopkeepers v2.23.10
[18:12:33] [ForkJoinPool.commonPool-worker-1/WARN]: [Worlds] An update for Worlds is available
[18:12:33] [ForkJoinPool.commonPool-worker-1/WARN]: [Worlds] You are running version 3.3.1, the latest version is 3.5.0
[18:12:33] [ForkJoinPool.commonPool-worker-1/WARN]: [Worlds] Update at https://modrinth.com/project/gBIw3Gvy/?version=1.21.8&loader=paper#download
[18:12:33] [ForkJoinPool.commonPool-worker-1/WARN]: [Worlds] Do not test in production and always make backups before updating
[18:12:33] [Server thread/INFO]: [Shopkeepers] Loaded all plugin classes (594 ms).
[18:12:33] [Server thread/INFO]: [Shopkeepers] Compatibility provider loaded: 1_21_R7_paper
[18:12:33] [Server thread/INFO]: [Shopkeepers] Loading config.
[18:12:33] [Server thread/INFO]: [Shopkeepers] Loading language file: language-en-default.yml
[18:12:33] [Server thread/INFO]: [Shopkeepers] Registering WorldGuard flag 'allow-shop'.
[18:12:33] [Server thread/INFO]: [Shopkeepers] Registering defaults.
[18:12:33] [Server thread/INFO]: [CNPC] Loading server plugin CustomNPCs v1.1
[18:12:33] [Server thread/INFO]: [FancyHolograms] Loading server plugin FancyHolograms v2.7.0
[18:12:33] [Server thread/INFO]: [UltimateMobCoins] Loading server plugin UltimateMobCoins v1.8.1
[18:12:33] [FancyLogger/INFO]: [FancyHolograms] (Server thread) INFO: Successfully loaded FancyHolograms version 2.7.0
[18:12:33] [Server thread/INFO]: [UltimateMobCoins] Successfully loaded WorldGuard hook!
[18:12:33] [Server thread/INFO]: [SkinsRestorer] Loading server plugin SkinsRestorer v15.7.9
[18:12:33] [Server thread/INFO]: [CustomMessages] Loading server plugin CustomMessages v0.6
[18:12:33] [Server thread/INFO]: Server permissions file permissions.yml is empty, ignoring it
[18:12:33] [Server thread/INFO]: [LuckPerms] Enabling LuckPerms v5.5.0
[18:12:34] [Server thread/INFO]:         __    
[18:12:34] [Server thread/INFO]:   |    |__)   LuckPerms v5.5.0
[18:12:34] [Server thread/INFO]:   |___ |      Running on Bukkit - Paper
[18:12:34] [Server thread/INFO]: 
[18:12:34] [Server thread/INFO]: [LuckPerms] Loading configuration...
[18:12:35] [Server thread/INFO]: [LuckPerms] Loading storage provider... [H2]
[18:12:36] [Server thread/INFO]: [LuckPerms] Loading internal permission managers...
[18:12:36] [Server thread/INFO]: [LuckPerms] Performing initial data load...
[18:12:36] [Server thread/INFO]: [LuckPerms] Successfully enabled. (took 3009ms)
[18:12:36] [Server thread/INFO]: [Vault] Enabling Vault v1.7.3-b131
[18:12:37] [Server thread/INFO]: [Vault] [Economy] Essentials Economy found: Waiting
[18:12:37] [Server thread/INFO]: [Vault] [Permission] SuperPermissions loaded as backup permission system.
[18:12:37] [Server thread/INFO]: [Vault] Enabled Version 1.7.3-b131
[18:12:37] [Server thread/INFO]: [LuckPerms] Registered Vault permission & chat hook.
[18:12:37] [Server thread/INFO]: [WorldEdit] Enabling WorldEdit v7.3.16+cbf4bd5
[18:12:37] [Server thread/INFO]: Registering commands with com.sk89q.worldedit.bukkit.BukkitServerInterface
[18:12:37] [Server thread/INFO]: WEPIF: Vault detected! Using Vault for permissions
[18:12:37] [Server thread/INFO]: Using com.sk89q.worldedit.bukkit.adapter.impl.v1_21_6.PaperweightAdapter as the Bukkit adapter
[18:12:40] [Server thread/INFO]: [Worlds] Enabling Worlds v3.3.1
[18:12:40] [Server thread/INFO]: [HealthGUI] Enabling HealthGUI v2.0-ENHANCED
[18:12:40] [Server thread/INFO]: [HealthGUI] ===============================================
[18:12:40] [Server thread/INFO]: [HealthGUI]        HealthGUI v2.0-ENHANCED Starting       
[18:12:40] [Server thread/INFO]: [HealthGUI]     Advanced Health Display System with       
[18:12:40] [Server thread/INFO]: [HealthGUI]       Beautiful GUI & Configuration           
[18:12:40] [Server thread/INFO]: [HealthGUI]                by Haider                       
[18:12:40] [Server thread/INFO]: [HealthGUI] ===============================================
[18:12:40] [Server thread/INFO]: [HealthGUI] Initializing enhanced core components...
[18:12:40] [Server thread/INFO]: [HealthGUI] Enhanced configuration loaded successfully with 7 display features
[18:12:40] [Server thread/INFO]: [HealthGUI] ✓ Configuration Manager initialized with validation
[18:12:40] [Server thread/INFO]: [HealthGUI] §a✓ Language system initialized with 10 languages
[18:12:40] [Server thread/INFO]: [HealthGUI] ✓ Language Manager initialized with multi-language support
[18:12:40] [Server thread/INFO]: [HealthGUI] ✓ Selection Manager initialized for configuration changes
[18:12:40] [Server thread/INFO]: [HealthGUI] ✓ Enhanced GUI Manager initialized with beautiful interface
[18:12:40] [Server thread/INFO]: [HealthGUI] ✓ Health Bar Manager initialized with performance optimization
[18:12:40] [Server thread/INFO]: [HealthGUI] ✓ Enhanced 3D Health Display Manager initialized with movement tracking and auto-display
[18:12:40] [Server thread/INFO]: [HealthGUI] ✓ 3D Display Manager initialized for advanced 3D health displays
[18:12:40] [Server thread/INFO]: [HealthGUI] All enhanced components initialized successfully!
[18:12:40] [Server thread/INFO]: [HealthGUI] Registering enhanced events and commands...
[18:12:40] [Server thread/INFO]: [HealthGUI] ✓ Enhanced events and commands registered successfully
[18:12:40] [Server thread/INFO]: [HealthGUI] ✓ Health bar task started with 3 tick interval
[18:12:40] [Server thread/INFO]: [HealthGUI] ✓ Enhanced health bar system started with optimization
[18:12:40] [Server thread/INFO]: [HealthGUI] ===============================================
[18:12:40] [Server thread/INFO]: [HealthGUI]      HealthGUI v2.0-ENHANCED Enabled!         
[18:12:40] [Server thread/INFO]: [HealthGUI]   Beautiful GUI with streamlined config       
[18:12:40] [Server thread/INFO]: [HealthGUI]      Use /healthgui to open settings          
[18:12:40] [Server thread/INFO]: [HealthGUI]   No reload/reset - Focus on configuration!   
[18:12:40] [Server thread/INFO]: [HealthGUI] ===============================================
[18:12:40] [Server thread/INFO]: [SkinsRestorer] Enabling SkinsRestorer v15.7.9
[18:12:41] [Server thread/INFO]: [SkinsRestorer] Running on Minecraft 1.21.8.
[18:12:41] [Server thread/INFO]: [SkinsRestorer] Floodgate skin listener registered
[18:12:41] [Server thread/INFO]: [SkinsRestorer] Using paper join listener!
[18:12:41] [Server thread/INFO]: [PlaceholderAPI] Successfully registered internal expansion: skinsrestorer [15.7.9]
[18:12:41] [Server thread/INFO]: [SkinsRestorer] PlaceholderAPI expansion registered!
[18:12:41] [Server thread/INFO]: [CustomMessages] Enabling CustomMessages v0.6
[18:12:41] [Folia Async Scheduler Thread #1/INFO]: [SkinsRestorer] ----------------------------------------------
[18:12:41] [Folia Async Scheduler Thread #1/INFO]: [SkinsRestorer]     +==================+
[18:12:41] [Folia Async Scheduler Thread #1/INFO]: [SkinsRestorer]     |   SkinsRestorer  |
[18:12:41] [Folia Async Scheduler Thread #1/INFO]: [SkinsRestorer]     |------------------|
[18:12:41] [Folia Async Scheduler Thread #1/INFO]: [SkinsRestorer]     |  Standalone Mode |
[18:12:41] [Folia Async Scheduler Thread #1/INFO]: [SkinsRestorer]     +==================+
[18:12:41] [Folia Async Scheduler Thread #1/INFO]: [SkinsRestorer] ----------------------------------------------
[18:12:41] [Folia Async Scheduler Thread #1/INFO]: [SkinsRestorer]     Version: 15.7.9
[18:12:41] [Folia Async Scheduler Thread #1/INFO]: [SkinsRestorer]     Commit: eb4ae0c
[18:12:41] [Folia Async Scheduler Thread #1/INFO]: [SkinsRestorer]     A new version (15.7.10) is available! Downloading update...
[18:12:41] [Folia Async Scheduler Thread #1/INFO]: [SkinsRestorer] ----------------------------------------------
[18:12:41] [Folia Async Scheduler Thread #1/INFO]: [SkinsRestorer] Do you have issues? Read our troubleshooting guide: https://skinsrestorer.net/docs/troubleshooting
[18:12:41] [Folia Async Scheduler Thread #1/INFO]: [SkinsRestorer] Want to support SkinsRestorer? Consider donating: https://skinsrestorer.net/donate
[18:12:41] [Folia Async Scheduler Thread #1/INFO]: [SkinsRestorer] [GitHubUpdate] Downloading update...
[18:12:41] [Server thread/INFO]: [CustomMessages] AuthMe is not installed. AuthMe-Support is not available and class did not loaded.
[18:12:41] [Server thread/INFO]: [CustomMessages] PlaceholderAPI detected. You can now use placeholders in DeathMessages and MOTD-Messages.
[18:12:41] [Server thread/INFO]: [CustomMessages] CustomMessages 0.6 is enabled now and it only took 0.103ms to be active. By NBCSM
[18:12:41] [Server thread/WARN]: **** SERVER IS RUNNING IN OFFLINE/INSECURE MODE!
[18:12:41] [Server thread/WARN]: The server will make no attempt to authenticate usernames. Beware.
[18:12:41] [Server thread/WARN]: While this makes the game possible to play without internet access, it also opens up the ability for hackers to connect with any username they choose.
[18:12:41] [Server thread/WARN]: To change this, set "online-mode" to "true" in the server.properties file.
[18:12:41] [Server thread/INFO]: Preparing level "world"
[18:12:42] [Folia Async Scheduler Thread #1/INFO]: [SkinsRestorer] [GitHubUpdate] Downloaded update in 314ms
[18:12:42] [Folia Async Scheduler Thread #1/INFO]: [SkinsRestorer] [GitHubUpdate] Update saved as SkinsRestorer.jar
[18:12:42] [Folia Async Scheduler Thread #1/INFO]: [SkinsRestorer] [GitHubUpdate] The update will be loaded on the next server restart
[18:12:43] [Server thread/INFO]: Preparing start region for dimension minecraft:overworld
[18:12:43] [Server thread/INFO]: Preparing spawn area: 0%
[18:12:44] [Server thread/INFO]: Preparing spawn area: 2%
[18:12:44] [Server thread/INFO]: Preparing spawn area: 2%
[18:12:44] [Server thread/INFO]: Preparing spawn area: 2%
[18:12:44] [Server thread/INFO]: Time elapsed: 1586 ms
[18:12:44] [Server thread/INFO]: Preparing start region for dimension worlds:void
[18:12:44] [Server thread/INFO]: Preparing spawn area: 0%
[18:12:45] [Server thread/INFO]: Preparing spawn area: 1%
[18:12:45] [Server thread/INFO]: Preparing spawn area: 1%
[18:12:46] [Server thread/INFO]: Preparing spawn area: 14%
[18:12:46] [Server thread/INFO]: Time elapsed: 1800 ms
[18:12:46] [Server thread/INFO]: Preparing start region for dimension minecraft:the_nether
[18:12:46] [Server thread/INFO]: Preparing spawn area: 0%
[18:12:46] [Server thread/INFO]: Time elapsed: 192 ms
[18:12:46] [Server thread/INFO]: Preparing start region for dimension minecraft:the_end
[18:12:46] [Server thread/INFO]: Preparing spawn area: 0%
[18:12:46] [Server thread/INFO]: Time elapsed: 100 ms
[18:12:46] [Server thread/INFO]: [ViaVersion] Enabling ViaVersion v5.4.2
[18:12:46] [Server thread/INFO]: [ViaVersion] ViaVersion detected server version: 1.21.7-1.21.8 (772)
[18:12:46] [Server thread/INFO]: [CommandPanels] Enabling CommandPanels v4.0.7
[18:12:46] [Server thread/INFO]: [CommandPanels] RockyHawk's CommandPanels v4.0.7 Plugin Loading...
[18:12:47] [Server thread/INFO]: [CommandPanels] RockyHawk's CommandPanels v4.0.7 Plugin Loaded!
[18:12:47] [Server thread/INFO]: [PlaceholderAPI] Enabling PlaceholderAPI v2.11.6
[18:12:47] [Server thread/INFO]: [PlaceholderAPI] Fetching available expansion information...
[18:12:47] [Server thread/INFO]: [floodgate] Enabling floodgate v2.2.4-SNAPSHOT (b118-40d320a)
[18:12:47] [Server thread/INFO]: [Essentials] Enabling Essentials v2.22.0-dev+15-5ed43f3
[18:12:48] [Server thread/INFO]: [Essentials] Attempting to convert old kits in config.yml to new kits.yml
[18:12:48] [Server thread/INFO]: [Essentials] No kits found to migrate.
[18:12:48] [Server thread/INFO]: [Essentials] Selected 1.11+ Item Unbreakable Provider as the provider for ItemUnbreakableProvider
[18:12:48] [Server thread/INFO]: [Essentials] Selected Paper Server State Provider as the provider for ServerStateProvider
[18:12:48] [Server thread/INFO]: [Essentials] Selected 1.21.4+ Sync Commands Provider as the provider for SyncCommandsProvider
[18:12:48] [Server thread/INFO]: [Essentials] Selected Paper Container Provider as the provider for ContainerProvider
[18:12:48] [Server thread/INFO]: [Essentials] Selected 1.21+ InventoryView Interface ABI Provider as the provider for InventoryViewProvider
[18:12:48] [Server thread/INFO]: [Essentials] Selected 1.20.6+ Potion Meta Provider as the provider for PotionMetaProvider
[18:12:48] [Server thread/INFO]: [Essentials] Selected 1.8.3+ Spawner Item Provider as the provider for SpawnerItemProvider
[18:12:48] [Server thread/INFO]: [Essentials] Selected Paper Material Tag Provider as the provider for MaterialTagProvider
[18:12:48] [Server thread/INFO]: [Essentials] Selected 1.12+ Spawner Block Provider as the provider for SpawnerBlockProvider
[18:12:48] [Server thread/INFO]: [Essentials] Selected Paper Tick Count Provider as the provider for TickCountProvider
[18:12:48] [Server thread/INFO]: [Essentials] Selected Paper Serialization Provider as the provider for SerializationProvider
[18:12:48] [Server thread/INFO]: [Essentials] Selected 1.13+ Spawn Egg Provider as the provider for SpawnEggProvider
[18:12:48] [Server thread/INFO]: [Essentials] Selected 1.14.4+ Persistent Data Container Provider as the provider for PersistentDataProvider
[18:12:48] [Server thread/INFO]: [Essentials] Selected 1.17.1+ World Info Provider as the provider for WorldInfoProvider
[18:12:48] [Server thread/INFO]: [Essentials] Selected 1.12.2+ Player Locale Provider as the provider for PlayerLocaleProvider
[18:12:48] [Server thread/INFO]: [Essentials] Selected Paper Known Commands Provider as the provider for KnownCommandsProvider
[18:12:48] [Server thread/INFO]: [Essentials] Selected Legacy Biome Name Provider as the provider for BiomeNameProvider
[18:12:48] [Server thread/INFO]: [Essentials] Selected 1.20.4+ Damage Event Provider as the provider for DamageEventProvider
[18:12:48] [Server thread/INFO]: [Essentials] Selected 1.14+ Sign Data Provider as the provider for SignDataProvider
[18:12:48] [Server thread/INFO]: [Essentials] Selected Reflection Formatted Command Alias Provider as the provider for FormattedCommandAliasProvider
[18:12:48] [Server thread/INFO]: [Essentials] Selected Paper Biome Key Provider as the provider for BiomeKeyProvider
[18:12:48] [Server thread/INFO]: [Essentials] Selected Reflection Online Mode Provider as the provider for OnlineModeProvider
[18:12:48] [Server thread/INFO]: [Essentials] Selected 1.20.5+ Banner Data Provider as the provider for BannerDataProvider
[18:12:48] [Server thread/INFO]: [Essentials] Loaded 43880 items from items.json.
[18:12:48] [Server thread/INFO]: [Essentials] Using locale en
[18:12:48] [Server thread/INFO]: [Essentials] ServerListPingEvent: Spigot iterator API
[18:12:49] [Server thread/INFO]: [Essentials] Starting Metrics. Opt-out using the global bStats config.
[18:12:49] [Server thread/INFO]: [Vault] [Economy] Essentials Economy hooked.
[18:12:49] [Server thread/INFO]: [Essentials] Using Vault based permissions (LuckPerms)
[18:12:49] [Server thread/INFO]: [WorldGuard] Enabling WorldGuard v7.0.14+2339-43997ec
[18:12:49] [Server thread/INFO]: [WorldGuard] (world) TNT ignition is PERMITTED.
[18:12:49] [Server thread/INFO]: [WorldGuard] (world) Lighters are PERMITTED.
[18:12:49] [Server thread/INFO]: [WorldGuard] (world) Lava fire is PERMITTED.
[18:12:49] [Server thread/INFO]: [WorldGuard] (world) Fire spread is UNRESTRICTED.
[18:12:49] [Server thread/INFO]: [WorldGuard] Loaded configuration for world 'world'
[18:12:49] [Server thread/INFO]: [WorldGuard] (world_nether) TNT ignition is PERMITTED.
[18:12:49] [Server thread/INFO]: [WorldGuard] (world_nether) Lighters are PERMITTED.
[18:12:49] [Server thread/INFO]: [WorldGuard] (world_nether) Lava fire is PERMITTED.
[18:12:49] [Server thread/INFO]: [WorldGuard] (world_nether) Fire spread is UNRESTRICTED.
[18:12:49] [Server thread/INFO]: [WorldGuard] Loaded configuration for world 'world_nether'
[18:12:49] [Server thread/INFO]: [WorldGuard] (world_the_end) TNT ignition is PERMITTED.
[18:12:49] [Server thread/INFO]: [WorldGuard] (world_the_end) Lighters are PERMITTED.
[18:12:49] [Server thread/INFO]: [WorldGuard] (world_the_end) Lava fire is PERMITTED.
[18:12:49] [Server thread/INFO]: [WorldGuard] (world_the_end) Fire spread is UNRESTRICTED.
[18:12:49] [Server thread/INFO]: [WorldGuard] Loaded configuration for world 'world_the_end'
[18:12:49] [Server thread/INFO]: [WorldGuard] (void) TNT ignition is PERMITTED.
[18:12:49] [Server thread/INFO]: [WorldGuard] (void) Lighters are PERMITTED.
[18:12:49] [Server thread/INFO]: [WorldGuard] (void) Lava fire is PERMITTED.
[18:12:49] [Server thread/INFO]: [WorldGuard] (void) Fire spread is UNRESTRICTED.
[18:12:49] [Server thread/INFO]: [WorldGuard] Loaded configuration for world 'void'
[18:12:49] [Server thread/INFO]: [WorldGuard] Loading region data...
[18:12:49] [Server thread/INFO]: [NBTAPI] Enabling NBTAPI v2.15.1
[18:12:49] [Server thread/INFO]: [NBTAPI] Checking bindings...
[18:12:49] [Server thread/INFO]: [NBTAPI] All Classes were able to link!
[18:12:49] [Server thread/INFO]: [NBTAPI] All Methods were able to link!
[18:12:49] [Server thread/INFO]: [NBTAPI] Running NBT reflection test...
[18:12:51] [Server thread/INFO]: [NBTAPI] Success! This version of NBT-API is compatible with your server.
[18:12:51] [Server thread/INFO]: [ItemEdit] Enabling ItemEdit v3.7.4
[18:12:51] [Server thread/INFO]: [ItemEdit] Hooking into MiniMessageAPI see https://webui.advntr.dev/
[18:12:51] [Server thread/INFO]: [ItemEdit] Selected Storage Type: YAML
[18:12:51] [Server thread/INFO]: [ItemEdit] Hooking into Vault
[18:12:51] [Server thread/INFO]: [ItemEdit] Hooking into PlaceHolderAPI
[18:12:51] [Server thread/INFO]: [ItemEdit] placeholders:
[18:12:51] [Server thread/INFO]: [ItemEdit]   %itemedit_amount_<{itemid}>_[{slot}]_[{player}]%
[18:12:51] [Server thread/INFO]: [ItemEdit]     shows how many itemid player has on slot
[18:12:51] [Server thread/INFO]: [ItemEdit]     <{itemid}> for item id on serveritem
[18:12:51] [Server thread/INFO]: [ItemEdit]     [{slot}] for the slot where the item should be counted, by default inventory
[18:12:51] [Server thread/INFO]: [ItemEdit]       Values: inventory (include offhand), equip (include offhand), inventoryandequip (include offhand), hand, offhand, head, chest, legs, feet
[18:12:51] [Server thread/INFO]: [ItemEdit]     [{player}] for the player, by default self
[18:12:51] [Server thread/INFO]: [ItemEdit]     example: %itemedit_amount_{my_item_id}_{hand}%
[18:12:51] [Server thread/INFO]: [PlaceholderAPI] Successfully registered internal expansion: itemedit [1.0]
[18:12:51] [Server thread/INFO]: [ItemEdit] # Enabled (took 318 ms)
[18:12:51] [Server thread/INFO]: [Geyser-Spigot] Enabling Geyser-Spigot v2.8.3-SNAPSHOT
[18:12:52] [Server thread/INFO]: [EssentialsChat] Enabling EssentialsChat v2.22.0-dev+15-5ed43f3
[18:12:52] [Server thread/INFO]: [EssentialsChat] Starting Metrics. Opt-out using the global bStats config.
[18:12:52] [Server thread/INFO]: [FancyNpcs] Enabling FancyNpcs v2.7.1
[18:12:52] [Server thread/WARN]: [org.mineskin.MineSkinClient] Creating MineSkinClient without API key
[18:12:53] [FancyLogger/INFO]: [FancyNpcs] (Server thread) INFO: FancyNpcs (2.7.1) has been enabled.
[18:12:53] [Server thread/INFO]: [ViaBackwards] Enabling ViaBackwards v5.4.2
[18:12:53] [Server thread/INFO]: [NameTag] Enabling NameTag v1.0
[18:12:53] [Server thread/INFO]: [NameTag] Commands /nametag (and /nt) registered successfully.
[18:12:53] [Server thread/INFO]: [NameTag] §aCustomNameTag has been successfully enabled!
[18:12:53] [Server thread/INFO]: [voicechat] Enabling voicechat v2.5.35
[18:12:53] [Server thread/INFO]: [voicechat] Initializing compatibility for version 1.21.8-R0.1
[18:12:53] [Server thread/INFO]: [voicechat] Compatibility version 18
[18:12:53] [Server thread/INFO]: [voicechat] Successfully initialized commodore command completion
[18:12:53] [Server thread/INFO]: [PlaceholderAPI] Successfully registered internal expansion: voicechat [2.5.35]
[18:12:53] [Server thread/INFO]: [voicechat] Successfully registered PlaceholderAPI expansion
[18:12:53] [Server thread/INFO]: [voicechat] Successfully added ViaVersion mappings
[18:12:53] [Server thread/INFO]: [Skript] Enabling Skript v2.12.1
[18:12:54] [ForkJoinPool.commonPool-worker-1/INFO]: [Skript] You're currently running the latest stable version of Skript.
[18:12:55] [Server thread/INFO]: [Skript]  ~ created by & © Peter Güttinger aka Njol ~
[18:12:55] [Server thread/INFO]: [EssentialsSpawn] Enabling EssentialsSpawn v2.22.0-dev+15-5ed43f3
[18:12:55] [Server thread/INFO]: [EssentialsSpawn] Starting Metrics. Opt-out using the global bStats config.
[18:12:55] [Server thread/INFO]: [playit-gg] Enabling playit-gg v0.1.4
[18:12:55] [Thread-19/INFO]: [gg.playit.minecraft.PlayitKeysSetup] secret key found, checking
[18:12:55] [Thread-19/INFO]: [gg.playit.minecraft.PlayitKeysSetup] check secret
[18:12:55] [Server thread/INFO]: [SupremeTags] Enabling SupremeTags v2.1.10
[18:12:55] [Server thread/INFO]: 
[18:12:55] [Server thread/INFO]:   ____  _   _ ____  ____  _____ __  __ _____ _____  _    ____ ____  
[18:12:55] [Server thread/INFO]:  / ___|| | | |  _ \|  _ \| ____|  \/  | ____|_   _|/ \  / ___/ ___| 
[18:12:55] [Server thread/INFO]:  \___ \| | | | |_) | |_) |  _| | |\/| |  _|   | | / _ \| |  _\___ \ 
[18:12:55] [Server thread/INFO]:   ___) | |_| |  __/|  _ <| |___| |  | | |___  | |/ ___ \ |_| |___) |
[18:12:55] [Server thread/INFO]:  |____/ \___/|_|   |_| \_\_____|_|  |_|_____| |_/_/   \_\____|____/ 
[18:12:55] [Server thread/INFO]:  Allow players to show off their supreme tags!
[18:12:55] [Server thread/INFO]: 
[18:12:55] [Server thread/INFO]: 
[18:12:55] [Server thread/INFO]: > Version: 2.1.10
[18:12:55] [Server thread/INFO]: > Author: DevScape
[18:12:55] [Server thread/INFO]: > PlayerPoints: Not Found!
[18:12:55] [Server thread/INFO]: > Vault: Found!
[18:12:55] [Server thread/INFO]: > CoinsEngine: Not Found!
[18:12:55] [Server thread/INFO]: > Database: SQLite!
[18:12:55] [Server thread/INFO]: [SupremeTags] [Tag] 4 rarities registered!
[18:12:55] [Server thread/INFO]: [SupremeTags] > EssentialsX + EssentialsXChat detected! Registering Essentials listeners...
[18:12:55] [Server thread/INFO]: > PlaceholderAPI: Found
[18:12:55] [Server thread/INFO]: [PlaceholderAPI] Successfully registered internal expansion: supremetags [2.1.10]
[18:12:55] [Server thread/INFO]: [ItemTag] Enabling ItemTag v3.7.4
[18:12:55] [Server thread/INFO]: [ItemTag] Data using Spigot PersistentDataContainer
[18:12:55] [Server thread/INFO]: [ItemTag] Hooking into PlaceholderApi
[18:12:55] [Server thread/INFO]: [ItemTag] Hooked into PlaceHolderAPI:
[18:12:55] [Server thread/INFO]: [ItemTag] placeholders:
[18:12:55] [Server thread/INFO]: [ItemTag]   %itemtag_cooldown_<timeunit>_[cooldownid]%
[18:12:55] [Server thread/INFO]: [ItemTag]     shows how much cooldown has selected cooldownid for player
[18:12:55] [Server thread/INFO]: [ItemTag]     <timeunit> may be h, s or ms
[18:12:55] [Server thread/INFO]: [ItemTag]     [cooldownid] for cooldown type, by default default
[18:12:55] [Server thread/INFO]: [ItemTag]     example: %itemtag_cooldown_s_anid%
[18:12:55] [Server thread/INFO]: [ItemTag]   %itemtag_handcooldown_<timeunit>%
[18:12:55] [Server thread/INFO]: [ItemTag]     shows how much cooldown has player on the item in his hand
[18:12:55] [Server thread/INFO]: [ItemTag]     <timeunit> may be h, s or ms
[18:12:55] [Server thread/INFO]: [ItemTag]     example: %itemtag_handcooldown_s%
[18:12:55] [Server thread/INFO]: [PlaceholderAPI] Successfully registered internal expansion: itemtag [1.0]
[18:12:55] [Server thread/INFO]: [ItemTag] # Enabled (took 137 ms)
[18:12:55] [Server thread/INFO]: [DamageIndicator] Enabling DamageIndicator v1.20.0
[18:12:55] [Server thread/INFO]: [TAB] Enabling TAB v5.2.5
[18:12:56] [Server thread/INFO]: [TAB] Enabled in 508ms
[18:12:56] [Server thread/INFO]: [PlayerKits2] Enabling PlayerKits2 v1.18.4
[18:12:56] [ForkJoinPool.commonPool-worker-1/INFO]: [Skript] Loaded 5504 aliases in 1330ms
[18:12:56] [Thread-19/INFO]: [gg.playit.minecraft.PlayitKeysSetup] found minecraft java tunnel: impact-central.joinmc.link
[18:12:56] [Thread-19/INFO]: [gg.playit.minecraft.PlayitManager] keys and tunnel setup
[18:12:56] [Server thread/INFO]: [PlaceholderAPI] Successfully registered internal expansion: playerkits [1.18.4]
[18:12:56] [Server thread/INFO]: [PlayerKits²] Has been enabled! Version: 1.18.4
[18:12:56] [Server thread/INFO]: [PlayerKits²] Thanks for using my plugin!   ~Ajneb97
[18:12:56] [Thread-19/WARN]: [gg.playit.control.ChannelSetup] Got IO error working with :control.playit.gg/2602:fbaf:860:0:0:0:0:1, error : java.net.SocketException: Network is unreachable
[18:12:56] [Server thread/INFO]: [ClanSystem] Enabling ClanSystem v1.0
[18:12:56] [Server thread/INFO]: [ClanSystem] تم تحميل ملف الإعدادات بنجاح!
[18:12:56] [Server thread/INFO]: [ClanSystem] تم الاتصال بقاعدة البيانات بنجاح!
[18:12:56] [Server thread/INFO]: [ClanSystem] §a[ClanSystem] تم تسجيل الأمر الموحد: /clan
[18:12:56] [Server thread/INFO]: [ClanSystem] §a[ClanSystem] تم تفعيل نظام العشائر بنجاح!
[18:12:56] [Server thread/INFO]: [ClanSystem] §a[ClanSystem] ClanSystem has been enabled successfully!
[18:12:56] [Server thread/INFO]: [AuraSkills] Enabling AuraSkills v2.3.6
[18:12:57] [Server thread/WARN]: [AuraSkills] Error updating file messages_zh-TW.yml
[18:12:57] [Server thread/WARN]: java.lang.IllegalArgumentException: Message file messages_zh-TW.yml is missing a file_version
[18:12:57] [Server thread/WARN]: 	at AuraSkills-2.3.6.jar//dev.aurelium.auraskills.polyglot.lang.FileUpdater.updateFile(FileUpdater.java:52)
[18:12:57] [Server thread/WARN]: 	at AuraSkills-2.3.6.jar//dev.aurelium.auraskills.polyglot.lang.MessageManager.attemptFileUpdate(MessageManager.java:167)
[18:12:57] [Server thread/WARN]: 	at AuraSkills-2.3.6.jar//dev.aurelium.auraskills.polyglot.lang.MessageManager.loadMessages(MessageManager.java:150)
[18:12:57] [Server thread/WARN]: 	at AuraSkills-2.3.6.jar//dev.aurelium.auraskills.common.message.MessageProvider.loadMessages(MessageProvider.java:72)
[18:12:57] [Server thread/WARN]: 	at AuraSkills-2.3.6.jar//dev.aurelium.auraskills.bukkit.AuraSkills.onEnable(AuraSkills.java:204)
[18:12:57] [Server thread/WARN]: 	at org.bukkit.plugin.java.JavaPlugin.setEnabled(JavaPlugin.java:280)
[18:12:57] [Server thread/WARN]: 	at io.papermc.paper.plugin.manager.PaperPluginInstanceManager.enablePlugin(PaperPluginInstanceManager.java:202)
[18:12:57] [Server thread/WARN]: 	at io.papermc.paper.plugin.manager.PaperPluginManagerImpl.enablePlugin(PaperPluginManagerImpl.java:109)
[18:12:57] [Server thread/WARN]: 	at org.bukkit.plugin.SimplePluginManager.enablePlugin(SimplePluginManager.java:520)
[18:12:57] [Server thread/WARN]: 	at org.bukkit.craftbukkit.CraftServer.enablePlugin(CraftServer.java:651)
[18:12:57] [Server thread/WARN]: 	at org.bukkit.craftbukkit.CraftServer.enablePlugins(CraftServer.java:607)
[18:12:57] [Server thread/WARN]: 	at net.minecraft.server.MinecraftServer.loadWorld0(MinecraftServer.java:743)
[18:12:57] [Server thread/WARN]: 	at net.minecraft.server.MinecraftServer.loadLevel(MinecraftServer.java:488)
[18:12:57] [Server thread/WARN]: 	at net.minecraft.server.dedicated.DedicatedServer.initServer(DedicatedServer.java:280)
[18:12:57] [Server thread/WARN]: 	at net.minecraft.server.MinecraftServer.runServer(MinecraftServer.java:1164)
[18:12:57] [Server thread/WARN]: 	at net.minecraft.server.MinecraftServer.lambda$spin$2(MinecraftServer.java:310)
[18:12:57] [Server thread/WARN]: 	at java.base/java.lang.Thread.run(Thread.java:1583)
[18:12:57] [Thread-19/INFO]: [gg.playit.control.ChannelSetup] request queued, waiting 1 second before resend
[18:12:57] [Server thread/INFO]: [AuraSkills] Loaded 21 message files
[18:12:58] [Server thread/INFO]: [AuraSkills] Successfully registered hook LuckPerms
[18:12:58] [Server thread/INFO]: [PlaceholderAPI] Successfully registered internal expansion: auraskills [2.3.6]
[18:12:58] [Server thread/INFO]: [PlaceholderAPI] Successfully registered internal expansion: aureliumskills [2.3.6]
[18:12:58] [Server thread/INFO]: [AuraSkills] Successfully registered hook PlaceholderAPI
[18:12:58] [Server thread/INFO]: [AuraSkills] Successfully registered hook Vault
[18:12:58] [Server thread/INFO]: [AuraSkills] Successfully registered hook WorldGuard
[18:12:58] [Server thread/INFO]: [AuraSkills] Loaded 160 config options in 107 ms
[18:12:58] [Server thread/INFO]: [NBTAPI] [NBTAPI] Found Minecraft: 1.21.8! Trying to find NMS support
[18:12:58] [Server thread/WARN]: [NBTAPI] [NBTAPI] This Server-Version(1.21.8-R0.1-SNAPSHOT) is not supported by this NBT-API Version(2.15.1) located in AuraSkills. The NBT-API will try to work as good as it can! Some functions may not work!
[18:12:58] [Server thread/INFO]: [NBTAPI] [NBTAPI] Using the plugin 'AuraSkills' to create a bStats instance!
[18:12:58] [Server thread/WARN]: [AuraSkills] NBT API is not yet supported for your Minecraft version, some legacy conversion and item nbt parsing functionality may be disabled!
[18:12:58] [Server thread/INFO]: [AuraSkills] Loaded 3 blocked/disabled worlds
[18:12:58] [Server thread/INFO]: [AuraSkills] [ACF] Enabled Asynchronous Tab Completion Support!
[18:12:59] [Server thread/INFO]: [BetterRTP] Enabling BetterRTP v3.6.13
[18:12:59] [Server thread/INFO]: [BetterRTP] Cooldown = 600
[18:12:59] [Server thread/INFO]: [PlaceholderAPI] Successfully registered internal expansion: betterrtp [3.6.13]
[18:12:59] [Server thread/INFO]: [Turrets] Enabling Turrets v1.0.2
[18:13:00] [Server thread/INFO]: [EconomyShopGUI] Enabling EconomyShopGUI v6.14.4
[18:13:00] [Server thread/INFO]: [EconomyShopGUI] [INFO]: Using lang-en.yml as language file
[18:13:00] [Server thread/INFO]: [EconomyShopGUI] [INFO]: Completed loading 16 section configs from /sections/
[18:13:00] [Server thread/INFO]: [EconomyShopGUI] [INFO]: Completed loading 16 shop configs from /shops/
[18:13:00] [Server thread/INFO]: [EconomyShopGUI] [INFO]: Updating Shop settings...
[18:13:00] [Server thread/INFO]: [EconomyShopGUI] [INFO]: Successfully hooked into Vault and using EssentialsX Economy as economy provider
[18:13:00] [Server thread/INFO]: [EconomyShopGUI] [INFO]: Completed loading 1 economy provider(s) for all 14 shop sections.
[18:13:00] [Server thread/INFO]: [EconomyShopGUI] [INFO]: Using minecraft version 1.21.8...
[18:13:00] [Server thread/INFO]: [EconomyShopGUI] [INFO]: Spawner provider set to AUTO in config
[18:13:00] [Server thread/INFO]: [EconomyShopGUI] [INFO]: Automatically searching for compatible spawner provider....
[18:13:00] [Server thread/INFO]: [EconomyShopGUI] [INFO]: Failed to automatically find compatible spawner provider, using default...
[18:13:00] [Server thread/INFO]: [PlaceholderAPI] Successfully registered internal expansion: esgui [1.1.0]
[18:13:00] [Server thread/INFO]: [EconomyShopGUI] [INFO]: Debug mode is enabled.
[18:13:00] [Server thread/INFO]: [EconomyShopGUI] [INFO]: Loading all items...
[18:13:00] [Server thread/INFO]: [EconomyShopGUI] [INFO]: Initialized - Took 568ms to complete
[18:13:00] [Server thread/INFO]: [Shopkeepers] Enabling Shopkeepers v2.23.10
[18:13:00] [ESGUI_UTIL_THREAD #0/INFO]: [EconomyShopGUI] [INFO]: There is an update available for EconomyShopGUI, you are running v6.14.4 but found v6.14.5.
[18:13:00] [ESGUI_UTIL_THREAD #0/INFO]: [EconomyShopGUI] [INFO]: Download at: https://www.spigotmc.org/resources/economyshopgui.69927/
[18:13:00] [Server thread/INFO]: [Shopkeepers] Loading the data of 4 shopkeepers ...
[18:13:01] [Server thread/INFO]: [CNPC] Enabling CustomNPCs v1.1
[18:13:01] [Server thread/ERROR]: Incompatible server version! Please use 1.19.4. Shutting down plugin.
[18:13:01] [Server thread/INFO]: [CNPC] Disabling CustomNPCs v1.1
[18:13:01] [Server thread/ERROR]: Error occurred while enabling CustomNPCs v1.1 (Is it up to date?)
java.lang.IllegalStateException: The plugin classloader for CustomNPCs has thrown a zip file error.
	at org.bukkit.plugin.java.PluginClassLoader.findClass(PluginClassLoader.java:225) ~[paper-api-1.21.8-R0.1-SNAPSHOT.jar:?]
	at java.base/java.lang.ClassLoader.loadClass(ClassLoader.java:593) ~[?:?]
	at org.bukkit.plugin.java.PluginClassLoader.loadClass0(PluginClassLoader.java:177) ~[paper-api-1.21.8-R0.1-SNAPSHOT.jar:?]
	at org.bukkit.plugin.java.PluginClassLoader.loadClass(PluginClassLoader.java:172) ~[paper-api-1.21.8-R0.1-SNAPSHOT.jar:?]
	at java.base/java.lang.ClassLoader.loadClass(ClassLoader.java:526) ~[?:?]
	at CustomNPCs-v1.1.jar/dev.foxikle.customnpcs.CustomNPCs.onEnable(CustomNPCs.java:54) ~[CustomNPCs-v1.1.jar:?]
	at org.bukkit.plugin.java.JavaPlugin.setEnabled(JavaPlugin.java:280) ~[paper-api-1.21.8-R0.1-SNAPSHOT.jar:?]
	at io.papermc.paper.plugin.manager.PaperPluginInstanceManager.enablePlugin(PaperPluginInstanceManager.java:202) ~[paper-1.21.8.jar:1.21.8-6-782ce95]
	at io.papermc.paper.plugin.manager.PaperPluginManagerImpl.enablePlugin(PaperPluginManagerImpl.java:109) ~[paper-1.21.8.jar:1.21.8-6-782ce95]
	at org.bukkit.plugin.SimplePluginManager.enablePlugin(SimplePluginManager.java:520) ~[paper-api-1.21.8-R0.1-SNAPSHOT.jar:?]
	at org.bukkit.craftbukkit.CraftServer.enablePlugin(CraftServer.java:651) ~[paper-1.21.8.jar:1.21.8-6-782ce95]
	at org.bukkit.craftbukkit.CraftServer.enablePlugins(CraftServer.java:607) ~[paper-1.21.8.jar:1.21.8-6-782ce95]
	at net.minecraft.server.MinecraftServer.loadWorld0(MinecraftServer.java:743) ~[paper-1.21.8.jar:1.21.8-6-782ce95]
	at net.minecraft.server.MinecraftServer.loadLevel(MinecraftServer.java:488) ~[paper-1.21.8.jar:1.21.8-6-782ce95]
	at net.minecraft.server.dedicated.DedicatedServer.initServer(DedicatedServer.java:280) ~[paper-1.21.8.jar:1.21.8-6-782ce95]
	at net.minecraft.server.MinecraftServer.runServer(MinecraftServer.java:1164) ~[paper-1.21.8.jar:1.21.8-6-782ce95]
	at net.minecraft.server.MinecraftServer.lambda$spin$2(MinecraftServer.java:310) ~[paper-1.21.8.jar:1.21.8-6-782ce95]
	at java.base/java.lang.Thread.run(Thread.java:1583) ~[?:?]
Caused by: java.lang.IllegalStateException: zip file closed
	at java.base/java.util.zip.ZipFile.ensureOpen(ZipFile.java:846) ~[?:?]
	at java.base/java.util.zip.ZipFile.getEntry(ZipFile.java:338) ~[?:?]
	at java.base/java.util.jar.JarFile.getEntry(JarFile.java:517) ~[?:?]
	at java.base/java.util.jar.JarFile.getJarEntry(JarFile.java:472) ~[?:?]
	at org.bukkit.plugin.java.PluginClassLoader.findClass(PluginClassLoader.java:220) ~[paper-api-1.21.8-R0.1-SNAPSHOT.jar:?]
	... 17 more
[18:13:01] [Server thread/INFO]: [FancyHolograms] Enabling FancyHolograms v2.7.0
[18:13:01] [FancyLogger/INFO]: [FancyHolograms] (FancyHolograms-Holograms) WARN: No holograms section found in config
[18:13:01] [FancyLogger/INFO]: [FancyHolograms] (Server thread) INFO: Successfully enabled FancyHolograms version 2.7.0
[18:13:01] [FancyLogger/INFO]: [FancyHolograms] (FancyHolograms-Holograms) WARN: No holograms section found in config
[18:13:01] [FancyLogger/INFO]: [FancyHolograms] (FancyHolograms-Holograms) WARN: No holograms section found in config
[18:13:01] [FancyLogger/INFO]: [FancyHolograms] (FancyHolograms-Holograms) WARN: No holograms section found in config
[18:13:01] [Server thread/INFO]: [UltimateMobCoins] Enabling UltimateMobCoins v1.8.1
[18:13:01] [Server thread/INFO]: [com.zaxxer.hikari.HikariDataSource] UltimateMobCoins-pool - Starting...
[18:13:01] [Server thread/INFO]: [com.zaxxer.hikari.pool.HikariPool] UltimateMobCoins-pool - Added connection org.sqlite.jdbc4.JDBC4Connection@6ac31893
[18:13:01] [Server thread/INFO]: [com.zaxxer.hikari.HikariDataSource] UltimateMobCoins-pool - Start completed.
[18:13:01] [Server thread/INFO]: [UltimateMobCoins] Loaded 80 mobcoin drops
[18:13:01] [Server thread/INFO]: [PlaceholderAPI] Successfully registered internal expansion: ultimatemobcoins [1.8.1]
[18:13:01] [Server thread/INFO]: [UltimateMobCoins] Successfully loaded Vault hook! (EssentialsX Economy)
[18:13:01] [Server thread/INFO]: [UltimateMobCoins] Loaded 3 shop menus!
[18:13:02] [Server thread/INFO]: [spark] Starting background profiler...
[18:13:03] [Server thread/INFO]: [PlaceholderAPI] Placeholder expansion registration initializing...
[18:13:03] [Server thread/INFO]: [Geyser-Spigot] ******************************************
[18:13:03] [Server thread/INFO]: [Geyser-Spigot] 
[18:13:03] [Server thread/INFO]: [Geyser-Spigot] Loading Geyser version 2.8.3-b909 (git-master-ef726fb)
[18:13:03] [Server thread/INFO]: [Geyser-Spigot] 
[18:13:03] [Server thread/INFO]: [Geyser-Spigot] ******************************************
[18:13:07] [GeyserServer-4-1/INFO]: [Geyser-Spigot] Started Geyser on UDP port 19132
[18:13:07] [Server thread/INFO]: [Geyser-Spigot] Done (3.67s)! Run /geyser help for help!
[18:13:07] [Server thread/INFO]: Done preparing level "world" (25.987s)
[18:13:07] [Server thread/INFO]: Running delayed init tasks
[18:13:07] [Server thread/INFO]: [PlaceholderAPI] Successfully registered internal expansion: commandpanels [4.0.7]
[18:13:07] [Craft Scheduler Thread - 5 - ViaVersion/INFO]: [ViaVersion] Finished mapping loading, shutting down loader executor.
[18:13:07] [Server thread/INFO]: [Essentials] Essentials found a compatible payment resolution method: Vault Compatibility Layer (v1.7.3-b131)!
[18:13:07] [Craft Scheduler Thread - 7 - Essentials/INFO]: [Essentials] Fetching version information...
[18:13:07] [Craft Scheduler Thread - 15 - Vault/INFO]: [Vault] Checking for Updates ... 
[18:13:08] [Craft Scheduler Thread - 15 - Vault/INFO]: [Vault] No new version available
[18:13:08] [Craft Scheduler Thread - 7 - Essentials/WARN]: [Essentials] You're 4 EssentialsX dev build(s) out of date!
[18:13:08] [Craft Scheduler Thread - 7 - Essentials/WARN]: [Essentials] Download it here: https://essentialsx.net/downloads.html
[18:13:08] [Craft Scheduler Thread - 8 - SupremeTags/INFO]: > Updater: Plugin up to date!
[18:13:08] [Server thread/INFO]: [Skript] Loading variables...
[18:13:08] [Server thread/INFO]: [Skript] Loaded 0 variables in 0.0 seconds
[18:13:08] [Server thread/INFO]: [Skript] All scripts loaded without errors.
[18:13:08] [Server thread/INFO]: [Skript]     No scripts were found, maybe you should write some ;)
[18:13:08] [Server thread/INFO]: [Skript] Finished loading.
[18:13:08] [Server thread/INFO]: [AuraSkills] Loaded 11 skills with 317 total sources
[18:13:08] [Server thread/INFO]: [AuraSkills] Loaded 9 stats and 17 traits
[18:13:08] [Server thread/INFO]: [AuraSkills] Loaded 22 pattern rewards and 0 level rewards
[18:13:08] [Server thread/INFO]: [AuraSkills] Loaded 53 loot entries in 4 pools and 2 tables
[18:13:09] [Server thread/INFO]: Environment: Environment[sessionHost=https://sessionserver.mojang.com, servicesHost=https://api.minecraftservices.com, name=PROD]
[18:13:09] [Server thread/INFO]: [AuraSkills] Loaded 7 menus
[18:13:09] [Server thread/INFO]: [PlaceholderAPI] Successfully registered external expansion: vault [1.8.3]
[18:13:09] [Server thread/INFO]: [PlaceholderAPI] Successfully registered external expansion: player [2.0.8]
[18:13:09] [Server thread/INFO]: [PlaceholderAPI] Successfully registered external expansion: statistic [2.0.2]
[18:13:09] [Server thread/INFO]: 3 placeholder hook(s) registered!
[18:13:09] [Server thread/INFO]: [TAGS] Loaded 39 tag(s) successfully.
[18:13:09] [Server thread/INFO]: Done (71.241s)! For help, type "help"
[18:13:09] [Server thread/INFO]: [voicechat] Loading plugins
[18:13:09] [Server thread/INFO]: [voicechat] Loaded 0 plugin(s)
[18:13:09] [Server thread/INFO]: [voicechat] Initializing plugins
[18:13:09] [Server thread/INFO]: [voicechat] Initialized 0 plugin(s)
[18:13:09] [Server thread/WARN]: [voicechat] Running in offline mode - Voice chat encryption is not secure!
[18:13:09] [VoiceChatServerThread/INFO]: [voicechat] Voice chat server started at port 24454
[18:16:59] [Thread-19/INFO]: [gg.playit.control.ChannelSetup] send keep alive
[18:17:11] [Thread-19/INFO]: [gg.playit.control.ChannelSetup] send keep alive
[18:20:59] [Thread-19/INFO]: [gg.playit.control.ChannelSetup] send keep alive
[18:21:11] [Thread-19/INFO]: [gg.playit.control.ChannelSetup] send keep alive
[18:25:00] [Thread-19/INFO]: [gg.playit.control.ChannelSetup] send keep alive
[18:25:12] [Thread-19/INFO]: [gg.playit.control.ChannelSetup] send keep alive
[18:29:00] [Thread-19/INFO]: [gg.playit.control.ChannelSetup] send keep alive
[18:29:12] [Thread-19/INFO]: [gg.playit.control.ChannelSetup] send keep alive
[18:33:01] [Thread-19/INFO]: [gg.playit.control.ChannelSetup] send keep alive
[18:33:13] [Thread-19/INFO]: [gg.playit.control.ChannelSetup] send keep alive
[18:34:36] [Thread-19/INFO]: [gg.playit.minecraft.PlayitManager] got new client: NewClient{connectAddr=198.22.205.211:4932, peerAddr=95.111.227.12:33888, claimAddress=209.25.140.2:43783, claimToken=[44, 0, 68, -58, 22, -51, -45, 19, 68, 95, 111, -29, 12, -124, 96, 92, -73, 4, -93, -85, 7, 104, -84, -84, -68, 0, 0, 0, 0, 0, 22, -53, -41, 0, 0, 0, 0, 0, 74, -37, -124, 0, 0, 0, 0, 0, 33, -68, 4, -56, -93, -85, 7, 0, 0, 0, 0, 36, 0, 0, 0, 0, 0, 0, 0, 1, 0, 0, -77, 10, 16, -25, 127, -14, 19, -10, 13, -121, -97, -39, -73, 123, 60, 86], tunnelServerId=1, dataCenterId=36}
[18:34:36] [Thread-19/INFO]: [gg.playit.minecraft.PlayitManager] starting tcp tunnel for client
[18:34:36] [Thread-19/INFO]: [gg.playit.minecraft.PlayitTcpTunnel] start connection to /209.25.140.2:43783 to claim client
[18:34:36] [nioEventLoopGroup-2-1/INFO]: [gg.playit.minecraft.PlayitTcpTunnel] connected to tunnel server, sending claim token
[18:34:36] [nioEventLoopGroup-2-1/INFO]: [gg.playit.minecraft.PlayitTcpTunnel] claim token sent
[18:34:36] [nioEventLoopGroup-2-1/INFO]: [gg.playit.minecraft.PlayitTcpTunnel] connection to tunnel server has been established
[18:34:36] [nioEventLoopGroup-2-1/INFO]: [gg.playit.minecraft.PlayitTcpTunnel] Reflect: ReflectionHelper{ServerConnection=class net.minecraft.server.network.ServerConnectionListener, LegacyPingHandler=class net.minecraft.server.network.LegacyQueryHandler, MinecraftServer=class net.minecraft.server.MinecraftServer, PacketSplitter=class net.minecraft.network.Varint21FrameDecoder, PacketDecoder=class net.minecraft.network.PacketDecoder, EnumProtocolDirection=class net.minecraft.network.protocol.PacketFlow, PacketPrepender=class net.minecraft.network.Varint21LengthFieldPrepender, PacketEncoder=class net.minecraft.network.PacketEncoder, NetworkManagerServer=class net.minecraft.network.RateKickingConnection, NetworkManager=class net.minecraft.network.Connection, HandshakeListener=class net.minecraft.server.network.ServerHandshakePacketListenerImpl, PacketListener=interface net.minecraft.network.PacketListener, CraftServer=class org.bukkit.craftbukkit.CraftServer}
[18:34:36] [nioEventLoopGroup-2-1/INFO]: [gg.playit.minecraft.PlayitTcpTunnel] legacyPingHandler is null
[18:34:36] [nioEventLoopGroup-2-1/INFO]: [gg.playit.minecraft.PlayitTcpTunnel] connecting to minecraft server at localhost/127.0.0.1:25565
[18:34:36] [nioEventLoopGroup-2-2/INFO]: [gg.playit.minecraft.PlayitTcpTunnel] connected to local minecraft server
[18:34:36] [Thread-19/INFO]: [gg.playit.minecraft.PlayitManager] got new client: NewClient{connectAddr=198.22.204.211:4932, peerAddr=95.111.227.12:37084, claimAddress=209.25.140.2:43783, claimToken=[44, 0, 68, -58, 22, -52, -45, 19, 68, 95, 111, -29, 12, -112, -36, 80, 125, 50, 77, -85, 7, 104, -84, -84, -68, 0, 0, 0, 0, 0, 22, -53, -41, 0, 0, 0, 0, 0, 74, -37, -124, 0, 0, 0, 0, 0, 33, -68, 4, -113, 77, -85, 7, 0, 0, 0, 0, 20, 0, 0, 0, 0, 0, 0, 0, 3, 0, 0, -127, -32, 5, -70, -9, -114, 84, -48, -83, -53, -7, -31, 51, 82, 59, 37], tunnelServerId=3, dataCenterId=20}
[18:34:36] [Thread-19/INFO]: [gg.playit.minecraft.PlayitManager] starting tcp tunnel for client
[18:34:36] [Thread-19/INFO]: [gg.playit.minecraft.PlayitTcpTunnel] start connection to /209.25.140.2:43783 to claim client
[18:34:36] [nioEventLoopGroup-2-3/INFO]: [gg.playit.minecraft.PlayitTcpTunnel] connected to tunnel server, sending claim token
[18:34:36] [nioEventLoopGroup-2-3/INFO]: [gg.playit.minecraft.PlayitTcpTunnel] claim token sent
[18:34:36] [Thread-19/INFO]: [gg.playit.minecraft.PlayitManager] got new client: NewClient{connectAddr=209.25.142.211:4932, peerAddr=95.111.227.12:42890, claimAddress=209.25.140.2:43783, claimToken=[44, 0, 68, -47, 25, -114, -45, 19, 68, 95, 111, -29, 12, -89, -118, -62, 57, -59, 73, -85, 7, 104, -84, -84, -68, 0, 0, 0, 0, 0, 22, -53, -41, 0, 0, 0, 0, 0, 74, -37, -124, 0, 0, 0, 0, 0, 33, -68, 4, -81, 73, -85, 7, 0, 0, 0, 0, 18, 0, 0, 0, 0, 0, 0, 0, 1, 0, 2, -7, -35, 69, 99, -63, -37, 37, -13, -60, -68, 68, -83, 120, 84, 27, 111], tunnelServerId=1, dataCenterId=18}
[18:34:36] [Thread-19/INFO]: [gg.playit.minecraft.PlayitManager] starting tcp tunnel for client
[18:34:36] [Thread-19/INFO]: [gg.playit.minecraft.PlayitTcpTunnel] start connection to /209.25.140.2:43783 to claim client
[18:34:36] [nioEventLoopGroup-2-3/INFO]: [gg.playit.minecraft.PlayitTcpTunnel] connection to tunnel server has been established
[18:34:36] [nioEventLoopGroup-2-3/INFO]: [gg.playit.minecraft.PlayitTcpTunnel] Reflect: ReflectionHelper{ServerConnection=class net.minecraft.server.network.ServerConnectionListener, LegacyPingHandler=class net.minecraft.server.network.LegacyQueryHandler, MinecraftServer=class net.minecraft.server.MinecraftServer, PacketSplitter=class net.minecraft.network.Varint21FrameDecoder, PacketDecoder=class net.minecraft.network.PacketDecoder, EnumProtocolDirection=class net.minecraft.network.protocol.PacketFlow, PacketPrepender=class net.minecraft.network.Varint21LengthFieldPrepender, PacketEncoder=class net.minecraft.network.PacketEncoder, NetworkManagerServer=class net.minecraft.network.RateKickingConnection, NetworkManager=class net.minecraft.network.Connection, HandshakeListener=class net.minecraft.server.network.ServerHandshakePacketListenerImpl, PacketListener=interface net.minecraft.network.PacketListener, CraftServer=class org.bukkit.craftbukkit.CraftServer}
[18:34:36] [nioEventLoopGroup-2-3/INFO]: [gg.playit.minecraft.PlayitTcpTunnel] legacyPingHandler is null
[18:34:36] [nioEventLoopGroup-2-4/INFO]: [gg.playit.minecraft.PlayitTcpTunnel] connected to tunnel server, sending claim token
[18:34:36] [nioEventLoopGroup-2-3/INFO]: [gg.playit.minecraft.PlayitTcpTunnel] connecting to minecraft server at localhost/127.0.0.1:25565
[18:34:36] [nioEventLoopGroup-2-1/INFO]: [gg.playit.minecraft.PlayitTcpTunnel] connected to local minecraft server
[18:34:36] [nioEventLoopGroup-2-4/INFO]: [gg.playit.minecraft.PlayitTcpTunnel] claim token sent
[18:34:36] [nioEventLoopGroup-2-4/INFO]: [gg.playit.minecraft.PlayitTcpTunnel] connection to tunnel server has been established
[18:34:36] [nioEventLoopGroup-2-4/INFO]: [gg.playit.minecraft.PlayitTcpTunnel] Reflect: ReflectionHelper{ServerConnection=class net.minecraft.server.network.ServerConnectionListener, LegacyPingHandler=class net.minecraft.server.network.LegacyQueryHandler, MinecraftServer=class net.minecraft.server.MinecraftServer, PacketSplitter=class net.minecraft.network.Varint21FrameDecoder, PacketDecoder=class net.minecraft.network.PacketDecoder, EnumProtocolDirection=class net.minecraft.network.protocol.PacketFlow, PacketPrepender=class net.minecraft.network.Varint21LengthFieldPrepender, PacketEncoder=class net.minecraft.network.PacketEncoder, NetworkManagerServer=class net.minecraft.network.RateKickingConnection, NetworkManager=class net.minecraft.network.Connection, HandshakeListener=class net.minecraft.server.network.ServerHandshakePacketListenerImpl, PacketListener=interface net.minecraft.network.PacketListener, CraftServer=class org.bukkit.craftbukkit.CraftServer}
[18:34:36] [nioEventLoopGroup-2-4/INFO]: [gg.playit.minecraft.PlayitTcpTunnel] legacyPingHandler is null
[18:34:36] [nioEventLoopGroup-2-4/INFO]: [gg.playit.minecraft.PlayitTcpTunnel] connecting to minecraft server at localhost/127.0.0.1:25565
[18:34:36] [nioEventLoopGroup-2-2/INFO]: [gg.playit.minecraft.PlayitTcpTunnel] connected to local minecraft server
[18:34:37] [Thread-19/INFO]: [gg.playit.minecraft.PlayitManager] got new client: NewClient{connectAddr=209.25.143.211:4932, peerAddr=95.111.227.12:42020, claimAddress=209.25.140.2:43783, claimToken=[44, 0, 68, -47, 25, -113, -45, 19, 68, 95, 111, -29, 12, -92, 36, 99, 59, 105, 40, -85, 7, 104, -84, -84, -67, 0, 0, 0, 0, 0, 22, -53, -41, 0, 0, 0, 0, 0, 74, -37, -124, 0, 0, 0, 0, 0, 33, -68, 4, -9, 40, -85, 7, 0, 0, 0, 0, 28, 0, 0, 0, 0, 0, 0, 0, 1, 0, 0, -66, 9, 55, -41, 125, -82, -30, 66, 35, -114, 34, 123, -35, -87, 45, -126], tunnelServerId=1, dataCenterId=28}
[18:34:37] [Thread-19/INFO]: [gg.playit.minecraft.PlayitManager] starting tcp tunnel for client
[18:34:37] [Thread-19/INFO]: [gg.playit.minecraft.PlayitTcpTunnel] start connection to /209.25.140.2:43783 to claim client
[18:34:37] [nioEventLoopGroup-2-3/INFO]: [gg.playit.minecraft.PlayitTcpTunnel] connected to tunnel server, sending claim token
[18:34:37] [nioEventLoopGroup-2-3/INFO]: [gg.playit.minecraft.PlayitTcpTunnel] claim token sent
[18:34:37] [nioEventLoopGroup-2-3/INFO]: [gg.playit.minecraft.PlayitTcpTunnel] connection to tunnel server has been established
[18:34:37] [nioEventLoopGroup-2-3/INFO]: [gg.playit.minecraft.PlayitTcpTunnel] Reflect: ReflectionHelper{ServerConnection=class net.minecraft.server.network.ServerConnectionListener, LegacyPingHandler=class net.minecraft.server.network.LegacyQueryHandler, MinecraftServer=class net.minecraft.server.MinecraftServer, PacketSplitter=class net.minecraft.network.Varint21FrameDecoder, PacketDecoder=class net.minecraft.network.PacketDecoder, EnumProtocolDirection=class net.minecraft.network.protocol.PacketFlow, PacketPrepender=class net.minecraft.network.Varint21LengthFieldPrepender, PacketEncoder=class net.minecraft.network.PacketEncoder, NetworkManagerServer=class net.minecraft.network.RateKickingConnection, NetworkManager=class net.minecraft.network.Connection, HandshakeListener=class net.minecraft.server.network.ServerHandshakePacketListenerImpl, PacketListener=interface net.minecraft.network.PacketListener, CraftServer=class org.bukkit.craftbukkit.CraftServer}
[18:34:37] [nioEventLoopGroup-2-3/INFO]: [gg.playit.minecraft.PlayitTcpTunnel] legacyPingHandler is null
[18:34:37] [nioEventLoopGroup-2-3/INFO]: [gg.playit.minecraft.PlayitTcpTunnel] connecting to minecraft server at localhost/127.0.0.1:25565
[18:34:37] [nioEventLoopGroup-2-4/INFO]: [gg.playit.minecraft.PlayitTcpTunnel] connected to local minecraft server
[18:34:56] [Thread-19/INFO]: [gg.playit.minecraft.PlayitManager] got new client: NewClient{connectAddr=198.22.205.211:4932, peerAddr=146.70.128.186:58274, claimAddress=209.25.140.2:43783, claimToken=[44, 0, 68, -58, 22, -51, -45, 19, 68, -110, 70, -128, -70, -29, -94, -116, 77, 35, 50, -85, 7, 104, -84, -84, -48, 0, 0, 0, 0, 0, 22, -53, -41, 0, 0, 0, 0, 0, 74, -37, -124, 0, 0, 0, 0, 0, 33, -68, 4, -110, 50, -85, 7, 0, 0, 0, 0, 37, 0, 0, 0, 0, 0, 0, 0, 1, 0, 3, -87, 99, 61, -109, -5, -38, 90, 53, -53, -101, 87, 9, -115, 115, -15, 126], tunnelServerId=1, dataCenterId=37}
[18:34:56] [Thread-19/INFO]: [gg.playit.minecraft.PlayitManager] starting tcp tunnel for client
[18:34:56] [Thread-19/INFO]: [gg.playit.minecraft.PlayitTcpTunnel] start connection to /209.25.140.2:43783 to claim client
[18:34:56] [nioEventLoopGroup-2-1/INFO]: [gg.playit.minecraft.PlayitTcpTunnel] connected to tunnel server, sending claim token
[18:34:56] [nioEventLoopGroup-2-1/INFO]: [gg.playit.minecraft.PlayitTcpTunnel] claim token sent
[18:34:56] [nioEventLoopGroup-2-1/INFO]: [gg.playit.minecraft.PlayitTcpTunnel] connection to tunnel server has been established
[18:34:56] [nioEventLoopGroup-2-1/INFO]: [gg.playit.minecraft.PlayitTcpTunnel] Reflect: ReflectionHelper{ServerConnection=class net.minecraft.server.network.ServerConnectionListener, LegacyPingHandler=class net.minecraft.server.network.LegacyQueryHandler, MinecraftServer=class net.minecraft.server.MinecraftServer, PacketSplitter=class net.minecraft.network.Varint21FrameDecoder, PacketDecoder=class net.minecraft.network.PacketDecoder, EnumProtocolDirection=class net.minecraft.network.protocol.PacketFlow, PacketPrepender=class net.minecraft.network.Varint21LengthFieldPrepender, PacketEncoder=class net.minecraft.network.PacketEncoder, NetworkManagerServer=class net.minecraft.network.RateKickingConnection, NetworkManager=class net.minecraft.network.Connection, HandshakeListener=class net.minecraft.server.network.ServerHandshakePacketListenerImpl, PacketListener=interface net.minecraft.network.PacketListener, CraftServer=class org.bukkit.craftbukkit.CraftServer}
[18:34:56] [nioEventLoopGroup-2-1/INFO]: [gg.playit.minecraft.PlayitTcpTunnel] legacyPingHandler is null
[18:34:56] [nioEventLoopGroup-2-1/INFO]: [gg.playit.minecraft.PlayitTcpTunnel] connecting to minecraft server at localhost/127.0.0.1:25565
[18:34:56] [nioEventLoopGroup-2-2/INFO]: [gg.playit.minecraft.PlayitTcpTunnel] connected to local minecraft server
[18:34:56] [Thread-19/INFO]: [gg.playit.minecraft.PlayitManager] got new client: NewClient{connectAddr=209.25.142.211:4932, peerAddr=146.70.128.186:32898, claimAddress=209.25.140.2:43783, claimToken=[44, 0, 68, -47, 25, -114, -45, 19, 68, -110, 70, -128, -70, -128, -126, -123, -53, -48, 3, -85, 7, 104, -84, -84, -48, 0, 0, 0, 0, 0, 22, -53, -41, 0, 0, 0, 0, 0, 74, -37, -124, 0, 0, 0, 0, 0, 33, -68, 4, 56, 3, -85, 7, 0, 0, 0, 0, 18, 0, 0, 0, 0, 0, 0, 0, 1, 0, 3, -11, -35, 25, -47, 51, 20, 44, 85, -63, -10, 7, 13, 82, 47, 11, -67], tunnelServerId=1, dataCenterId=18}
[18:34:56] [Thread-19/INFO]: [gg.playit.minecraft.PlayitManager] starting tcp tunnel for client
[18:34:56] [Thread-19/INFO]: [gg.playit.minecraft.PlayitTcpTunnel] start connection to /209.25.140.2:43783 to claim client
[18:34:56] [Thread-19/INFO]: [gg.playit.minecraft.PlayitManager] got new client: NewClient{connectAddr=198.22.204.211:4932, peerAddr=146.70.128.186:43774, claimAddress=209.25.140.2:43783, claimToken=[44, 0, 68, -58, 22, -52, -45, 19, 68, -110, 70, -128, -70, -86, -2, 41, 51, 105, 51, -85, 7, 104, -84, -84, -48, 0, 0, 0, 0, 0, 22, -53, -41, 0, 0, 0, 0, 0, 74, -37, -124, 0, 0, 0, 0, 0, 33, -68, 4, 85, 51, -85, 7, 0, 0, 0, 0, 20, 0, 0, 0, 0, 0, 0, 0, 3, 0, 0, -67, 127, -78, 82, -87, 15, 24, -55, 97, -38, 20, -19, -65, 44, -8, 119], tunnelServerId=3, dataCenterId=20}
[18:34:56] [Thread-19/INFO]: [gg.playit.minecraft.PlayitManager] starting tcp tunnel for client
[18:34:56] [Thread-19/INFO]: [gg.playit.minecraft.PlayitTcpTunnel] start connection to /209.25.140.2:43783 to claim client
[18:34:56] [nioEventLoopGroup-2-3/INFO]: [gg.playit.minecraft.PlayitTcpTunnel] connected to tunnel server, sending claim token
[18:34:56] [nioEventLoopGroup-2-3/INFO]: [gg.playit.minecraft.PlayitTcpTunnel] claim token sent
[18:34:56] [nioEventLoopGroup-2-4/INFO]: [gg.playit.minecraft.PlayitTcpTunnel] connected to tunnel server, sending claim token
[18:34:56] [nioEventLoopGroup-2-4/INFO]: [gg.playit.minecraft.PlayitTcpTunnel] claim token sent
[18:34:56] [nioEventLoopGroup-2-3/INFO]: [gg.playit.minecraft.PlayitTcpTunnel] connection to tunnel server has been established
[18:34:56] [nioEventLoopGroup-2-3/INFO]: [gg.playit.minecraft.PlayitTcpTunnel] Reflect: ReflectionHelper{ServerConnection=class net.minecraft.server.network.ServerConnectionListener, LegacyPingHandler=class net.minecraft.server.network.LegacyQueryHandler, MinecraftServer=class net.minecraft.server.MinecraftServer, PacketSplitter=class net.minecraft.network.Varint21FrameDecoder, PacketDecoder=class net.minecraft.network.PacketDecoder, EnumProtocolDirection=class net.minecraft.network.protocol.PacketFlow, PacketPrepender=class net.minecraft.network.Varint21LengthFieldPrepender, PacketEncoder=class net.minecraft.network.PacketEncoder, NetworkManagerServer=class net.minecraft.network.RateKickingConnection, NetworkManager=class net.minecraft.network.Connection, HandshakeListener=class net.minecraft.server.network.ServerHandshakePacketListenerImpl, PacketListener=interface net.minecraft.network.PacketListener, CraftServer=class org.bukkit.craftbukkit.CraftServer}
[18:34:56] [nioEventLoopGroup-2-3/INFO]: [gg.playit.minecraft.PlayitTcpTunnel] legacyPingHandler is null
[18:34:56] [nioEventLoopGroup-2-3/INFO]: [gg.playit.minecraft.PlayitTcpTunnel] connecting to minecraft server at localhost/127.0.0.1:25565
[18:34:56] [nioEventLoopGroup-2-1/INFO]: [gg.playit.minecraft.PlayitTcpTunnel] connected to local minecraft server
[18:34:56] [nioEventLoopGroup-2-4/INFO]: [gg.playit.minecraft.PlayitTcpTunnel] connection to tunnel server has been established
[18:34:56] [nioEventLoopGroup-2-4/INFO]: [gg.playit.minecraft.PlayitTcpTunnel] Reflect: ReflectionHelper{ServerConnection=class net.minecraft.server.network.ServerConnectionListener, LegacyPingHandler=class net.minecraft.server.network.LegacyQueryHandler, MinecraftServer=class net.minecraft.server.MinecraftServer, PacketSplitter=class net.minecraft.network.Varint21FrameDecoder, PacketDecoder=class net.minecraft.network.PacketDecoder, EnumProtocolDirection=class net.minecraft.network.protocol.PacketFlow, PacketPrepender=class net.minecraft.network.Varint21LengthFieldPrepender, PacketEncoder=class net.minecraft.network.PacketEncoder, NetworkManagerServer=class net.minecraft.network.RateKickingConnection, NetworkManager=class net.minecraft.network.Connection, HandshakeListener=class net.minecraft.server.network.ServerHandshakePacketListenerImpl, PacketListener=interface net.minecraft.network.PacketListener, CraftServer=class org.bukkit.craftbukkit.CraftServer}
[18:34:56] [nioEventLoopGroup-2-4/INFO]: [gg.playit.minecraft.PlayitTcpTunnel] legacyPingHandler is null
[18:34:56] [nioEventLoopGroup-2-4/INFO]: [gg.playit.minecraft.PlayitTcpTunnel] connecting to minecraft server at localhost/127.0.0.1:25565
[18:34:56] [nioEventLoopGroup-2-2/INFO]: [gg.playit.minecraft.PlayitTcpTunnel] connected to local minecraft server
[18:34:56] [Thread-19/INFO]: [gg.playit.minecraft.PlayitManager] got new client: NewClient{connectAddr=209.25.143.211:4932, peerAddr=146.70.128.186:54448, claimAddress=209.25.140.2:43783, claimToken=[44, 0, 68, -47, 25, -113, -45, 19, 68, -110, 70, -128, -70, -44, -80, -82, 124, -112, 71, -85, 7, 104, -84, -84, -48, 0, 0, 0, 0, 0, 22, -53, -41, 0, 0, 0, 0, 0, 74, -37, -124, 0, 0, 0, 0, 0, 33, -68, 4, -67, 71, -85, 7, 0, 0, 0, 0, 28, 0, 0, 0, 0, 0, 0, 0, 1, 0, 0, -75, 48, -76, -104, -46, -41, 37, -67, -64, -80, 111, 65, -46, -24, -26, -77], tunnelServerId=1, dataCenterId=28}
[18:34:56] [Thread-19/INFO]: [gg.playit.minecraft.PlayitManager] starting tcp tunnel for client
[18:34:56] [Thread-19/INFO]: [gg.playit.minecraft.PlayitTcpTunnel] start connection to /209.25.140.2:43783 to claim client
[18:34:56] [nioEventLoopGroup-2-3/INFO]: [gg.playit.minecraft.PlayitTcpTunnel] connected to tunnel server, sending claim token
[18:34:56] [nioEventLoopGroup-2-3/INFO]: [gg.playit.minecraft.PlayitTcpTunnel] claim token sent
[18:34:56] [nioEventLoopGroup-2-3/INFO]: [gg.playit.minecraft.PlayitTcpTunnel] connection to tunnel server has been established
[18:34:56] [nioEventLoopGroup-2-3/INFO]: [gg.playit.minecraft.PlayitTcpTunnel] Reflect: ReflectionHelper{ServerConnection=class net.minecraft.server.network.ServerConnectionListener, LegacyPingHandler=class net.minecraft.server.network.LegacyQueryHandler, MinecraftServer=class net.minecraft.server.MinecraftServer, PacketSplitter=class net.minecraft.network.Varint21FrameDecoder, PacketDecoder=class net.minecraft.network.PacketDecoder, EnumProtocolDirection=class net.minecraft.network.protocol.PacketFlow, PacketPrepender=class net.minecraft.network.Varint21LengthFieldPrepender, PacketEncoder=class net.minecraft.network.PacketEncoder, NetworkManagerServer=class net.minecraft.network.RateKickingConnection, NetworkManager=class net.minecraft.network.Connection, HandshakeListener=class net.minecraft.server.network.ServerHandshakePacketListenerImpl, PacketListener=interface net.minecraft.network.PacketListener, CraftServer=class org.bukkit.craftbukkit.CraftServer}
[18:34:56] [nioEventLoopGroup-2-3/INFO]: [gg.playit.minecraft.PlayitTcpTunnel] legacyPingHandler is null
[18:34:56] [nioEventLoopGroup-2-3/INFO]: [gg.playit.minecraft.PlayitTcpTunnel] connecting to minecraft server at localhost/127.0.0.1:25565
[18:34:56] [nioEventLoopGroup-2-4/INFO]: [gg.playit.minecraft.PlayitTcpTunnel] connected to local minecraft server
[18:36:19] [Thread-19/INFO]: [gg.playit.minecraft.PlayitManager] got new client: NewClient{connectAddr=198.22.205.211:4932, peerAddr=185.165.44.22:35120, claimAddress=209.25.140.2:43783, claimToken=[44, 0, 68, -58, 22, -51, -45, 19, 68, -71, -91, 44, 22, -119, 48, 35, -2, -43, -105, -85, 7, 104, -84, -83, 35, 0, 0, 0, 0, 0, 22, -53, -41, 0, 0, 0, 0, 0, 74, -37, -124, 0, 0, 0, 0, 0, 33, -68, 4, -1, -105, -85, 7, 0, 0, 0, 0, 42, 0, 0, 0, 0, 0, 0, 0, 1, 0, 3, -2, 97, 91, 100, -75, 91, -88, 86, -119, -37, 16, -40, 112, -39, 122, -113], tunnelServerId=1, dataCenterId=42}
[18:36:19] [Thread-19/INFO]: [gg.playit.minecraft.PlayitManager] starting tcp tunnel for client
[18:36:19] [Thread-19/INFO]: [gg.playit.minecraft.PlayitTcpTunnel] start connection to /209.25.140.2:43783 to claim client
[18:36:19] [nioEventLoopGroup-2-1/INFO]: [gg.playit.minecraft.PlayitTcpTunnel] connected to tunnel server, sending claim token
[18:36:19] [nioEventLoopGroup-2-1/INFO]: [gg.playit.minecraft.PlayitTcpTunnel] claim token sent
[18:36:19] [nioEventLoopGroup-2-1/INFO]: [gg.playit.minecraft.PlayitTcpTunnel] connection to tunnel server has been established
[18:36:19] [nioEventLoopGroup-2-1/INFO]: [gg.playit.minecraft.PlayitTcpTunnel] Reflect: ReflectionHelper{ServerConnection=class net.minecraft.server.network.ServerConnectionListener, LegacyPingHandler=class net.minecraft.server.network.LegacyQueryHandler, MinecraftServer=class net.minecraft.server.MinecraftServer, PacketSplitter=class net.minecraft.network.Varint21FrameDecoder, PacketDecoder=class net.minecraft.network.PacketDecoder, EnumProtocolDirection=class net.minecraft.network.protocol.PacketFlow, PacketPrepender=class net.minecraft.network.Varint21LengthFieldPrepender, PacketEncoder=class net.minecraft.network.PacketEncoder, NetworkManagerServer=class net.minecraft.network.RateKickingConnection, NetworkManager=class net.minecraft.network.Connection, HandshakeListener=class net.minecraft.server.network.ServerHandshakePacketListenerImpl, PacketListener=interface net.minecraft.network.PacketListener, CraftServer=class org.bukkit.craftbukkit.CraftServer}
[18:36:19] [nioEventLoopGroup-2-1/INFO]: [gg.playit.minecraft.PlayitTcpTunnel] legacyPingHandler is null
[18:36:19] [nioEventLoopGroup-2-1/INFO]: [gg.playit.minecraft.PlayitTcpTunnel] connecting to minecraft server at localhost/127.0.0.1:25565
[18:36:19] [nioEventLoopGroup-2-2/INFO]: [gg.playit.minecraft.PlayitTcpTunnel] connected to local minecraft server
[18:37:01] [Thread-19/INFO]: [gg.playit.control.ChannelSetup] send keep alive
[18:37:13] [Thread-19/INFO]: [gg.playit.control.ChannelSetup] send keep alive
[18:38:12] [User Authenticator #0/INFO]: UUID of player edsthilaire121 is 024fdfad-d078-3149-8896-20d579490a75
[18:38:12] [Server thread/INFO]: [HorriblePlayerLoginEventHack] You have plugins listening to the PlayerLoginEvent, this will cause re-configuration APIs to be unavailable: [LuckPerms, SkinsRestorer, Essentials, CustomMessages, WorldGuard, UltimateMobCoins]
[18:38:13] [Server thread/INFO]: [NameTag] §7Player edsthilaire121 joined. Applying NameTag.
[18:38:13] [Server thread/INFO]: edsthilaire121[/127.198.128.226:37333] logged in with entity id 92 at ([void]-138.9239185204391, -24.013451270438086, -136.97169863879833)
[18:39:14] [Thread-19/INFO]: [gg.playit.minecraft.PlayitManager] got new client: NewClient{connectAddr=198.22.204.211:4932, peerAddr=185.165.44.22:43180, claimAddress=209.25.140.2:43783, claimToken=[44, 0, 68, -58, 22, -52, -45, 19, 68, -71, -91, 44, 22, -88, -84, 90, 69, -21, 0, -85, 7, 104, -84, -83, -46, 0, 0, 0, 0, 0, 22, -53, -41, 0, 0, 0, 0, 0, 74, -37, -124, 0, 0, 0, 0, 0, 33, -68, 4, 34, 0, -85, 7, 0, 0, 0, 0, 20, 0, 0, 0, 0, 0, 0, 0, 3, 0, 0, -19, 2, -27, 89, -87, 110, -84, 112, -73, -79, -26, -91, -91, 124, 62, 116], tunnelServerId=3, dataCenterId=20}
[18:39:14] [Thread-19/INFO]: [gg.playit.minecraft.PlayitManager] starting tcp tunnel for client
[18:39:14] [Thread-19/INFO]: [gg.playit.minecraft.PlayitTcpTunnel] start connection to /209.25.140.2:43783 to claim client
[18:39:14] [nioEventLoopGroup-2-3/INFO]: [gg.playit.minecraft.PlayitTcpTunnel] connected to tunnel server, sending claim token
[18:39:14] [nioEventLoopGroup-2-3/INFO]: [gg.playit.minecraft.PlayitTcpTunnel] claim token sent
[18:39:14] [nioEventLoopGroup-2-3/INFO]: [gg.playit.minecraft.PlayitTcpTunnel] connection to tunnel server has been established
[18:39:14] [nioEventLoopGroup-2-3/INFO]: [gg.playit.minecraft.PlayitTcpTunnel] Reflect: ReflectionHelper{ServerConnection=class net.minecraft.server.network.ServerConnectionListener, LegacyPingHandler=class net.minecraft.server.network.LegacyQueryHandler, MinecraftServer=class net.minecraft.server.MinecraftServer, PacketSplitter=class net.minecraft.network.Varint21FrameDecoder, PacketDecoder=class net.minecraft.network.PacketDecoder, EnumProtocolDirection=class net.minecraft.network.protocol.PacketFlow, PacketPrepender=class net.minecraft.network.Varint21LengthFieldPrepender, PacketEncoder=class net.minecraft.network.PacketEncoder, NetworkManagerServer=class net.minecraft.network.RateKickingConnection, NetworkManager=class net.minecraft.network.Connection, HandshakeListener=class net.minecraft.server.network.ServerHandshakePacketListenerImpl, PacketListener=interface net.minecraft.network.PacketListener, CraftServer=class org.bukkit.craftbukkit.CraftServer}
[18:39:14] [nioEventLoopGroup-2-3/INFO]: [gg.playit.minecraft.PlayitTcpTunnel] legacyPingHandler is null
[18:39:14] [nioEventLoopGroup-2-3/INFO]: [gg.playit.minecraft.PlayitTcpTunnel] connecting to minecraft server at localhost/127.0.0.1:25565
[18:39:14] [nioEventLoopGroup-2-4/INFO]: [gg.playit.minecraft.PlayitTcpTunnel] connected to local minecraft server
[18:41:03] [Thread-19/INFO]: [gg.playit.control.ChannelSetup] send keep alive
[18:41:15] [Thread-19/INFO]: [gg.playit.control.ChannelSetup] send keep alive
[18:42:51] [Thread-19/INFO]: [gg.playit.minecraft.PlayitManager] got new client: NewClient{connectAddr=198.22.205.211:4932, peerAddr=185.165.44.22:55218, claimAddress=209.25.140.2:43783, claimToken=[44, 0, 68, -58, 22, -51, -45, 19, 68, -71, -91, 44, 22, -41, -78, 78, 6, 43, 117, -85, 7, 104, -84, -82, -85, 0, 0, 0, 0, 0, 22, -53, -41, 0, 0, 0, 0, 0, 74, -37, -124, 0, 0, 0, 0, 0, 33, -68, 4, 63, 117, -85, 7, 0, 0, 0, 0, 42, 0, 0, 0, 0, 0, 0, 0, 1, 0, 1, 6, -122, -100, -30, 31, -18, 28, -55, 97, 48, 18, 76, -54, -118, 117, 36], tunnelServerId=1, dataCenterId=42}
[18:42:51] [Thread-19/INFO]: [gg.playit.minecraft.PlayitManager] starting tcp tunnel for client
[18:42:51] [Thread-19/INFO]: [gg.playit.minecraft.PlayitTcpTunnel] start connection to /209.25.140.2:43783 to claim client
[18:42:51] [nioEventLoopGroup-2-1/INFO]: [gg.playit.minecraft.PlayitTcpTunnel] connected to tunnel server, sending claim token
[18:42:51] [nioEventLoopGroup-2-1/INFO]: [gg.playit.minecraft.PlayitTcpTunnel] claim token sent
[18:42:51] [nioEventLoopGroup-2-1/INFO]: [gg.playit.minecraft.PlayitTcpTunnel] connection to tunnel server has been established
[18:42:51] [nioEventLoopGroup-2-1/INFO]: [gg.playit.minecraft.PlayitTcpTunnel] Reflect: ReflectionHelper{ServerConnection=class net.minecraft.server.network.ServerConnectionListener, LegacyPingHandler=class net.minecraft.server.network.LegacyQueryHandler, MinecraftServer=class net.minecraft.server.MinecraftServer, PacketSplitter=class net.minecraft.network.Varint21FrameDecoder, PacketDecoder=class net.minecraft.network.PacketDecoder, EnumProtocolDirection=class net.minecraft.network.protocol.PacketFlow, PacketPrepender=class net.minecraft.network.Varint21LengthFieldPrepender, PacketEncoder=class net.minecraft.network.PacketEncoder, NetworkManagerServer=class net.minecraft.network.RateKickingConnection, NetworkManager=class net.minecraft.network.Connection, HandshakeListener=class net.minecraft.server.network.ServerHandshakePacketListenerImpl, PacketListener=interface net.minecraft.network.PacketListener, CraftServer=class org.bukkit.craftbukkit.CraftServer}
[18:42:51] [nioEventLoopGroup-2-1/INFO]: [gg.playit.minecraft.PlayitTcpTunnel] legacyPingHandler is null
[18:42:51] [nioEventLoopGroup-2-1/INFO]: [gg.playit.minecraft.PlayitTcpTunnel] connecting to minecraft server at localhost/127.0.0.1:25565
[18:42:51] [nioEventLoopGroup-2-2/INFO]: [gg.playit.minecraft.PlayitTcpTunnel] connected to local minecraft server
[18:45:04] [Thread-19/INFO]: [gg.playit.control.ChannelSetup] send keep alive
[18:45:16] [Thread-19/INFO]: [gg.playit.control.ChannelSetup] send keep alive
[18:45:23] [Server thread/INFO]: edsthilaire121 issued server command: /give @p minecraft:shield{BlockEntityTag:{Base:15,Patterns:[{Color:14,Pattern:"sc"},{Color:0,Pattern:"ts"},{Color:13,Pattern:"cre"}]}}
[18:45:25] [Server thread/INFO]: edsthilaire121 issued server command: /give @p minecraft:shield{BlockEntityTag:{Base:15,Patterns:[{Color:14,Pattern:"sc"},{Color:0,Pattern:"ts"},{Color:13,Pattern:"cre"}]}}
[18:45:36] [Server thread/INFO]: edsthilaire121 issued server command: /give @p minecraft:black_banner{BlockEntityTag:{Patterns:[{Color:14,Pattern:"sc"},{Color:0,Pattern:"ts"},{Color:13,Pattern:"cre"}]}}
[18:46:40] [Server thread/INFO]: edsthilaire121 issued server command: /summon firework_rocket ~ ~ ~ {FireworksItem:{id:firework_rocket,Count:1,tag:{Fireworks:{Flight:2,Explosions:[{Type:1,Colors:[I;2437522],FadeColors:[I;2437522]}]}}}}
[18:46:40] [Server thread/INFO]: [[PLAYER] edsthilaire121 [MEMBER]: Summoned new Firework Rocket]
[18:46:43] [Server thread/INFO]: edsthilaire121 issued server command: /summon firework_rocket ~ ~ ~ {FireworksItem:{id:firework_rocket,Count:1,tag:{Fireworks:{Flight:2,Explosions:[{Type:1,Colors:[I;2437522],FadeColors:[I;2437522]}]}}}}
[18:46:43] [Server thread/INFO]: [[PLAYER] edsthilaire121 [MEMBER]: Summoned new Firework Rocket]
[18:46:44] [Server thread/INFO]: edsthilaire121 issued server command: /summon firework_rocket ~ ~ ~ {FireworksItem:{id:firework_rocket,Count:1,tag:{Fireworks:{Flight:2,Explosions:[{Type:1,Colors:[I;2437522],FadeColors:[I;2437522]}]}}}}
[18:46:44] [Server thread/INFO]: [[PLAYER] edsthilaire121 [MEMBER]: Summoned new Firework Rocket]
[18:46:45] [Server thread/INFO]: edsthilaire121 issued server command: /summon firework_rocket ~ ~ ~ {FireworksItem:{id:firework_rocket,Count:1,tag:{Fireworks:{Flight:2,Explosions:[{Type:1,Colors:[I;2437522],FadeColors:[I;2437522]}]}}}}
[18:46:45] [Server thread/INFO]: [[PLAYER] edsthilaire121 [MEMBER]: Summoned new Firework Rocket]
[18:46:46] [Server thread/INFO]: edsthilaire121 issued server command: /summon firework_rocket ~ ~ ~ {FireworksItem:{id:firework_rocket,Count:1,tag:{Fireworks:{Flight:2,Explosions:[{Type:1,Colors:[I;2437522],FadeColors:[I;2437522]}]}}}}
[18:46:46] [Server thread/INFO]: [[PLAYER] edsthilaire121 [MEMBER]: Summoned new Firework Rocket]
[18:46:47] [Server thread/INFO]: edsthilaire121 issued server command: /rtp
[18:47:01] [Server thread/INFO]: edsthilaire121 issued server command: /day add 5000
[18:47:04] [Server thread/INFO]: edsthilaire121 issued server command: /day add 1000
[18:47:07] [Server thread/INFO]: edsthilaire121 issued server command: /summon firework_rocket ~ ~ ~ {FireworksItem:{id:firework_rocket,Count:1,tag:{Fireworks:{Flight:2,Explosions:[{Type:1,Colors:[I;2437522],FadeColors:[I;2437522]}]}}}}
[18:47:07] [Server thread/INFO]: [[PLAYER] edsthilaire121 [MEMBER]: Summoned new Firework Rocket]
[18:47:28] [Server thread/INFO]: edsthilaire121 issued server command: /summon firework_rocket ~ ~ ~ {FireworksItem:{id:firework_rocket,Count:1,tag:{Fireworks:{Flight:2,Explosions:[{Type:1,Colors:[I;2437522],FadeColors:[I;2437522]}]}}}}
[18:47:28] [Server thread/INFO]: [[PLAYER] edsthilaire121 [MEMBER]: Summoned new Firework Rocket]
[18:47:36] [Server thread/INFO]: edsthilaire121 issued server command: /day set night
[18:47:38] [Server thread/INFO]: edsthilaire121 issued server command: /summon firework_rocket ~ ~ ~ {FireworksItem:{id:firework_rocket,Count:1,tag:{Fireworks:{Flight:2,Explosions:[{Type:1,Colors:[I;2437522],FadeColors:[I;2437522]}]}}}}
[18:47:38] [Server thread/INFO]: [[PLAYER] edsthilaire121 [MEMBER]: Summoned new Firework Rocket]
[18:47:42] [Server thread/INFO]: edsthilaire121 issued server command: /summon firework_rocket ~ ~ ~ {FireworksItem:{id:firework_rocket,Count:1,tag:{Fireworks:{Flight:2,Explosions:[{Type:1,Colors:[I;2437522],FadeColors:[I;2437522]}]}}}}
[18:47:42] [Server thread/INFO]: [[PLAYER] edsthilaire121 [MEMBER]: Summoned new Firework Rocket]
[18:47:45] [Server thread/INFO]: edsthilaire121 issued server command: /summon firework_rocket ~ ~ ~ {FireworksItem:{id:firework_rocket,Count:1,tag:{Fireworks:{Flight:2,Explosions:[{Type:1,Colors:[I;2437522],FadeColors:[I;2437522]}]}}}}
[18:47:45] [Server thread/INFO]: [[PLAYER] edsthilaire121 [MEMBER]: Summoned new Firework Rocket]
[18:47:46] [Server thread/INFO]: edsthilaire121 issued server command: /summon firework_rocket ~ ~ ~ {FireworksItem:{id:firework_rocket,Count:1,tag:{Fireworks:{Flight:2,Explosions:[{Type:1,Colors:[I;2437522],FadeColors:[I;2437522]}]}}}}
[18:47:46] [Server thread/INFO]: [[PLAYER] edsthilaire121 [MEMBER]: Summoned new Firework Rocket]
[18:47:47] [Server thread/INFO]: edsthilaire121 issued server command: /summon firework_rocket ~ ~ ~ {FireworksItem:{id:firework_rocket,Count:1,tag:{Fireworks:{Flight:2,Explosions:[{Type:1,Colors:[I;2437522],FadeColors:[I;2437522]}]}}}}
[18:47:47] [Server thread/INFO]: [[PLAYER] edsthilaire121 [MEMBER]: Summoned new Firework Rocket]
[18:47:49] [Server thread/INFO]: edsthilaire121 issued server command: /summon firework_rocket ~ ~ ~ {FireworksItem:{id:firework_rocket,Count:1,tag:{Fireworks:{Flight:2,Explosions:[{Type:1,Colors:[I;2437522],FadeColors:[I;2437522]}]}}}}
[18:47:49] [Server thread/INFO]: [[PLAYER] edsthilaire121 [MEMBER]: Summoned new Firework Rocket]
[18:47:50] [Server thread/INFO]: edsthilaire121 issued server command: /summon firework_rocket ~ ~ ~ {FireworksItem:{id:firework_rocket,Count:1,tag:{Fireworks:{Flight:2,Explosions:[{Type:1,Colors:[I;2437522],FadeColors:[I;2437522]}]}}}}
[18:47:50] [Server thread/INFO]: [[PLAYER] edsthilaire121 [MEMBER]: Summoned new Firework Rocket]
[18:47:50] [Server thread/INFO]: edsthilaire121 issued server command: /summon firework_rocket ~ ~ ~ {FireworksItem:{id:firework_rocket,Count:1,tag:{Fireworks:{Flight:2,Explosions:[{Type:1,Colors:[I;2437522],FadeColors:[I;2437522]}]}}}}
[18:47:51] [Server thread/INFO]: [[PLAYER] edsthilaire121 [MEMBER]: Summoned new Firework Rocket]
[18:47:51] [Server thread/INFO]: edsthilaire121 issued server command: /summon firework_rocket ~ ~ ~ {FireworksItem:{id:firework_rocket,Count:1,tag:{Fireworks:{Flight:2,Explosions:[{Type:1,Colors:[I;2437522],FadeColors:[I;2437522]}]}}}}
[18:47:51] [Server thread/INFO]: [[PLAYER] edsthilaire121 [MEMBER]: Summoned new Firework Rocket]
[18:48:00] [Server thread/INFO]: edsthilaire121 issued server command: /give @s firework_rocket{Fireworks:{Flight:2,Explosions:[{Type:1,Colors:[I;2437522],FadeColors:[I;2437522]}]}} 1
[18:49:04] [Thread-19/INFO]: [gg.playit.control.ChannelSetup] send keep alive
[18:49:16] [Thread-19/INFO]: [gg.playit.control.ChannelSetup] send keep alive
